Copyright 1986-2015 Xilinx, Inc. All Rights Reserved.
------------------------------------------------------------------------------------
| Tool Version : Vivado v.2015.2 (win64) Build 1266856 Fri Jun 26 16:35:25 MDT 2015
| Date         : Thu Jul 30 15:30:40 2015
| Host         : XSJPARIMALP30 running 64-bit Service Pack 1  (build 7601)
| Command      : report_drc
------------------------------------------------------------------------------------

Report DRC

Table of Contents
-----------------
1. REPORT SUMMARY
2. REPORT DETAILS

1. REPORT SUMMARY
-----------------
            Netlist: netlist
          Floorplan: checkpoint_system_wrapper
      Design limits: <entire design considered>
           Ruledeck: default
             Max violations: <unlimited>
             Violations found: 1

2. REPORT DETAILS
-----------------
PLIO-7#1 Warning
Placement Constraints Check for IO constraints  
An IO Bus FIXED_IO_mio[53:0] with more than one IO standard is found. Components associated with this bus are:  FIXED_IO_mio[53] of IOStandard LVCMOS18; FIXED_IO_mio[52] of IOStandard LVCMOS18; FIXED_IO_mio[51] of IOStandard LVCMOS18; FIXED_IO_mio[50] of IOStandard LVCMOS18; FIXED_IO_mio[49] of IOStandard LVCMOS18; FIXED_IO_mio[48] of IOStandard LVCMOS18; FIXED_IO_mio[47] of IOStandard LVCMOS18; FIXED_IO_mio[46] of IOStandard LVCMOS18; FIXED_IO_mio[45] of IOStandard LVCMOS18; FIXED_IO_mio[44] of IOStandard LVCMOS18; FIXED_IO_mio[43] of IOStandard LVCMOS18; FIXED_IO_mio[42] of IOStandard LVCMOS18; FIXED_IO_mio[41] of IOStandard LVCMOS18; FIXED_IO_mio[40] of IOStandard LVCMOS18; FIXED_IO_mio[39] of IOStandard LVCMOS18; FIXED_IO_mio[38] of IOStandard LVCMOS18; FIXED_IO_mio[37] of IOStandard LVCMOS18; FIXED_IO_mio[36] of IOStandard LVCMOS18; FIXED_IO_mio[35] of IOStandard LVCMOS18; FIXED_IO_mio[34] of IOStandard LVCMOS18; FIXED_IO_mio[33] of IOStandard LVCMOS18; FIXED_IO_mio[32] of IOStandard LVCMOS18; FIXED_IO_mio[31] of IOStandard LVCMOS18; FIXED_IO_mio[30] of IOStandard LVCMOS18; FIXED_IO_mio[29] of IOStandard LVCMOS18; FIXED_IO_mio[28] of IOStandard LVCMOS18; FIXED_IO_mio[27] of IOStandard LVCMOS18; FIXED_IO_mio[26] of IOStandard LVCMOS18; FIXED_IO_mio[25] of IOStandard LVCMOS18; FIXED_IO_mio[24] of IOStandard LVCMOS18; FIXED_IO_mio[23] of IOStandard LVCMOS18; FIXED_IO_mio[22] of IOStandard LVCMOS18; FIXED_IO_mio[21] of IOStandard LVCMOS18; FIXED_IO_mio[20] of IOStandard LVCMOS18; FIXED_IO_mio[19] of IOStandard LVCMOS18; FIXED_IO_mio[18] of IOStandard LVCMOS18; FIXED_IO_mio[17] of IOStandard LVCMOS18; FIXED_IO_mio[16] of IOStandard LVCMOS18; FIXED_IO_mio[15] of IOStandard LVCMOS18; FIXED_IO_mio[14] of IOStandard LVCMOS18; FIXED_IO_mio[13] of IOStandard LVCMOS18; FIXED_IO_mio[12] of IOStandard LVCMOS18; FIXED_IO_mio[11] of IOStandard LVCMOS18; FIXED_IO_mio[10] of IOStandard LVCMOS18; FIXED_IO_mio[9] of IOStandard LVCMOS18; FIXED_IO_mio[8] of IOStandard LVCMOS33; FIXED_IO_mio[7] of IOStandard LVCMOS18; FIXED_IO_mio[6] of IOStandard LVCMOS33; FIXED_IO_mio[5] of IOStandard LVCMOS33; FIXED_IO_mio[4] of IOStandard LVCMOS33; FIXED_IO_mio[3] of IOStandard LVCMOS33; FIXED_IO_mio[2] of IOStandard LVCMOS33; FIXED_IO_mio[1] of IOStandard LVCMOS33; FIXED_IO_mio[0] of IOStandard LVCMOS18;
Related violations: <none>


