#-----------------------------------------------------------
# Vivado v2018.1 (64-bit)
# SW Build 2188600 on Wed Apr  4 18:40:38 MDT 2018
# IP Build 2185939 on Wed Apr  4 20:55:05 MDT 2018
# Start of session at: Tue Jul 10 11:50:53 2018
# Process ID: 24932
# Current directory: C:/Users/eashanw/Desktop/Embedded Systems/labsolutions/embedded/2018_1_zybo_labsolution/lab4
# Command line: vivado.exe -gui_launcher_event rodinguilauncherevent7076 C:\Users\eashanw\Desktop\Embedded Systems\labsolutions\embedded\2018_1_zybo_labsolution\lab4\lab4.xpr
# Log file: C:/Users/eashanw/Desktop/Embedded Systems/labsolutions/embedded/2018_1_zybo_labsolution/lab4/vivado.log
# Journal file: C:/Users/eashanw/Desktop/Embedded Systems/labsolutions/embedded/2018_1_zybo_labsolution/lab4\vivado.jou
#-----------------------------------------------------------
start_gui
open_project {C:/Users/eashanw/Desktop/Embedded Systems/labsolutions/embedded/2018_1_zybo_labsolution/lab4/lab4.xpr}
INFO: [ProjectBase 1-489] The host OS only allows 260 characters in a normal path. The project is stored in a path with more than 80 characters. If you experience issues with IP, Block Designs, or files not being found, please consider moving the project to a location with a shorter path. Alternately consider using the OS subst command to map part of the path to a drive letter.
Current project path is 'C:/Users/eashanw/Desktop/Embedded Systems/labsolutions/embedded/2018_1_zybo_labsolution/lab4'
INFO: [Project 1-313] Project file moved from 'C:/xup/embedded/2015_2_zynq_labs/lab4' since last save.
Scanning sources...
Finished scanning sources
INFO: [IP_Flow 19-234] Refreshing IP repositories
INFO: [IP_Flow 19-1700] Loaded user IP repository 'c:/Users/eashanw/Desktop/Embedded Systems/labsolutions/embedded/2018_1_zybo_labsolution/led_ip/ip_repo'.
INFO: [IP_Flow 19-2313] Loaded Vivado IP repository 'C:/Xilinx/Vivado/2018.1/data/ip'.
WARNING: [IP_Flow 19-3664] IP 'system_processing_system7_0_0' generated file not found 'c:/Users/eashanw/Desktop/Embedded Systems/labsolutions/embedded/2018_1_zybo_labsolution/lab4/lab4.srcs/sources_1/ipshared/xilinx.com/processing_system7_bfm_v2_0/adcdcea3/hdl/processing_system7_bfm_v2_0_local_params.v'. Please regenerate to continue.
WARNING: [IP_Flow 19-3664] IP 'system_processing_system7_0_0' generated file not found 'c:/Users/eashanw/Desktop/Embedded Systems/labsolutions/embedded/2018_1_zybo_labsolution/lab4/lab4.srcs/sources_1/ipshared/xilinx.com/processing_system7_bfm_v2_0/adcdcea3/hdl/processing_system7_bfm_v2_0_arb_wr.v'. Please regenerate to continue.
WARNING: [IP_Flow 19-3664] IP 'system_processing_system7_0_0' generated file not found 'c:/Users/eashanw/Desktop/Embedded Systems/labsolutions/embedded/2018_1_zybo_labsolution/lab4/lab4.srcs/sources_1/ipshared/xilinx.com/processing_system7_bfm_v2_0/adcdcea3/hdl/processing_system7_bfm_v2_0_arb_rd.v'. Please regenerate to continue.
WARNING: [IP_Flow 19-3664] IP 'system_processing_system7_0_0' generated file not found 'c:/Users/eashanw/Desktop/Embedded Systems/labsolutions/embedded/2018_1_zybo_labsolution/lab4/lab4.srcs/sources_1/ipshared/xilinx.com/processing_system7_bfm_v2_0/adcdcea3/hdl/processing_system7_bfm_v2_0_arb_wr_4.v'. Please regenerate to continue.
WARNING: [IP_Flow 19-3664] IP 'system_processing_system7_0_0' generated file not found 'c:/Users/eashanw/Desktop/Embedded Systems/labsolutions/embedded/2018_1_zybo_labsolution/lab4/lab4.srcs/sources_1/ipshared/xilinx.com/processing_system7_bfm_v2_0/adcdcea3/hdl/processing_system7_bfm_v2_0_arb_rd_4.v'. Please regenerate to continue.
WARNING: [IP_Flow 19-3664] IP 'system_processing_system7_0_0' generated file not found 'c:/Users/eashanw/Desktop/Embedded Systems/labsolutions/embedded/2018_1_zybo_labsolution/lab4/lab4.srcs/sources_1/ipshared/xilinx.com/processing_system7_bfm_v2_0/adcdcea3/hdl/processing_system7_bfm_v2_0_arb_hp2_3.v'. Please regenerate to continue.
WARNING: [IP_Flow 19-3664] IP 'system_processing_system7_0_0' generated file not found 'c:/Users/eashanw/Desktop/Embedded Systems/labsolutions/embedded/2018_1_zybo_labsolution/lab4/lab4.srcs/sources_1/ipshared/xilinx.com/processing_system7_bfm_v2_0/adcdcea3/hdl/processing_system7_bfm_v2_0_arb_hp0_1.v'. Please regenerate to continue.
WARNING: [IP_Flow 19-3664] IP 'system_processing_system7_0_0' generated file not found 'c:/Users/eashanw/Desktop/Embedded Systems/labsolutions/embedded/2018_1_zybo_labsolution/lab4/lab4.srcs/sources_1/ipshared/xilinx.com/processing_system7_bfm_v2_0/adcdcea3/hdl/processing_system7_bfm_v2_0_ssw_hp.v'. Please regenerate to continue.
WARNING: [IP_Flow 19-3664] IP 'system_processing_system7_0_0' generated file not found 'c:/Users/eashanw/Desktop/Embedded Systems/labsolutions/embedded/2018_1_zybo_labsolution/lab4/lab4.srcs/sources_1/ipshared/xilinx.com/processing_system7_bfm_v2_0/adcdcea3/hdl/processing_system7_bfm_v2_0_sparse_mem.v'. Please regenerate to continue.
WARNING: [IP_Flow 19-3664] IP 'system_processing_system7_0_0' generated file not found 'c:/Users/eashanw/Desktop/Embedded Systems/labsolutions/embedded/2018_1_zybo_labsolution/lab4/lab4.srcs/sources_1/ipshared/xilinx.com/processing_system7_bfm_v2_0/adcdcea3/hdl/processing_system7_bfm_v2_0_reg_params.v'. Please regenerate to continue.
WARNING: [IP_Flow 19-3664] IP 'system_processing_system7_0_0' generated file not found 'c:/Users/eashanw/Desktop/Embedded Systems/labsolutions/embedded/2018_1_zybo_labsolution/lab4/lab4.srcs/sources_1/ipshared/xilinx.com/processing_system7_bfm_v2_0/adcdcea3/hdl/processing_system7_bfm_v2_0_reg_init.v'. Please regenerate to continue.
WARNING: [IP_Flow 19-3664] IP 'system_processing_system7_0_0' generated file not found 'c:/Users/eashanw/Desktop/Embedded Systems/labsolutions/embedded/2018_1_zybo_labsolution/lab4/lab4.srcs/sources_1/ipshared/xilinx.com/processing_system7_bfm_v2_0/adcdcea3/hdl/processing_system7_bfm_v2_0_reg_map.v'. Please regenerate to continue.
WARNING: [IP_Flow 19-3664] IP 'system_processing_system7_0_0' generated file not found 'c:/Users/eashanw/Desktop/Embedded Systems/labsolutions/embedded/2018_1_zybo_labsolution/lab4/lab4.srcs/sources_1/ipshared/xilinx.com/processing_system7_bfm_v2_0/adcdcea3/hdl/processing_system7_bfm_v2_0_ocm_mem.v'. Please regenerate to continue.
WARNING: [IP_Flow 19-3664] IP 'system_processing_system7_0_0' generated file not found 'c:/Users/eashanw/Desktop/Embedded Systems/labsolutions/embedded/2018_1_zybo_labsolution/lab4/lab4.srcs/sources_1/ipshared/xilinx.com/processing_system7_bfm_v2_0/adcdcea3/hdl/processing_system7_bfm_v2_0_intr_wr_mem.v'. Please regenerate to continue.
WARNING: [IP_Flow 19-3664] IP 'system_processing_system7_0_0' generated file not found 'c:/Users/eashanw/Desktop/Embedded Systems/labsolutions/embedded/2018_1_zybo_labsolution/lab4/lab4.srcs/sources_1/ipshared/xilinx.com/processing_system7_bfm_v2_0/adcdcea3/hdl/processing_system7_bfm_v2_0_intr_rd_mem.v'. Please regenerate to continue.
WARNING: [IP_Flow 19-3664] IP 'system_processing_system7_0_0' generated file not found 'c:/Users/eashanw/Desktop/Embedded Systems/labsolutions/embedded/2018_1_zybo_labsolution/lab4/lab4.srcs/sources_1/ipshared/xilinx.com/processing_system7_bfm_v2_0/adcdcea3/hdl/processing_system7_bfm_v2_0_fmsw_gp.v'. Please regenerate to continue.
WARNING: [IP_Flow 19-3664] IP 'system_processing_system7_0_0' generated file not found 'c:/Users/eashanw/Desktop/Embedded Systems/labsolutions/embedded/2018_1_zybo_labsolution/lab4/lab4.srcs/sources_1/ipshared/xilinx.com/processing_system7_bfm_v2_0/adcdcea3/hdl/processing_system7_bfm_v2_0_regc.v'. Please regenerate to continue.
WARNING: [IP_Flow 19-3664] IP 'system_processing_system7_0_0' generated file not found 'c:/Users/eashanw/Desktop/Embedded Systems/labsolutions/embedded/2018_1_zybo_labsolution/lab4/lab4.srcs/sources_1/ipshared/xilinx.com/processing_system7_bfm_v2_0/adcdcea3/hdl/processing_system7_bfm_v2_0_ocmc.v'. Please regenerate to continue.
WARNING: [IP_Flow 19-3664] IP 'system_processing_system7_0_0' generated file not found 'c:/Users/eashanw/Desktop/Embedded Systems/labsolutions/embedded/2018_1_zybo_labsolution/lab4/lab4.srcs/sources_1/ipshared/xilinx.com/processing_system7_bfm_v2_0/adcdcea3/hdl/processing_system7_bfm_v2_0_interconnect_model.v'. Please regenerate to continue.
WARNING: [IP_Flow 19-3664] IP 'system_processing_system7_0_0' generated file not found 'c:/Users/eashanw/Desktop/Embedded Systems/labsolutions/embedded/2018_1_zybo_labsolution/lab4/lab4.srcs/sources_1/ipshared/xilinx.com/processing_system7_bfm_v2_0/adcdcea3/hdl/processing_system7_bfm_v2_0_gen_reset.v'. Please regenerate to continue.
WARNING: [IP_Flow 19-3664] IP 'system_processing_system7_0_0' generated file not found 'c:/Users/eashanw/Desktop/Embedded Systems/labsolutions/embedded/2018_1_zybo_labsolution/lab4/lab4.srcs/sources_1/ipshared/xilinx.com/processing_system7_bfm_v2_0/adcdcea3/hdl/processing_system7_bfm_v2_0_gen_clock.v'. Please regenerate to continue.
WARNING: [IP_Flow 19-3664] IP 'system_processing_system7_0_0' generated file not found 'c:/Users/eashanw/Desktop/Embedded Systems/labsolutions/embedded/2018_1_zybo_labsolution/lab4/lab4.srcs/sources_1/ipshared/xilinx.com/processing_system7_bfm_v2_0/adcdcea3/hdl/processing_system7_bfm_v2_0_ddrc.v'. Please regenerate to continue.
WARNING: [IP_Flow 19-3664] IP 'system_processing_system7_0_0' generated file not found 'c:/Users/eashanw/Desktop/Embedded Systems/labsolutions/embedded/2018_1_zybo_labsolution/lab4/lab4.srcs/sources_1/ipshared/xilinx.com/processing_system7_bfm_v2_0/adcdcea3/hdl/processing_system7_bfm_v2_0_axi_slave.v'. Please regenerate to continue.
WARNING: [IP_Flow 19-3664] IP 'system_processing_system7_0_0' generated file not found 'c:/Users/eashanw/Desktop/Embedded Systems/labsolutions/embedded/2018_1_zybo_labsolution/lab4/lab4.srcs/sources_1/ipshared/xilinx.com/processing_system7_bfm_v2_0/adcdcea3/hdl/processing_system7_bfm_v2_0_axi_master.v'. Please regenerate to continue.
WARNING: [IP_Flow 19-3664] IP 'system_processing_system7_0_0' generated file not found 'c:/Users/eashanw/Desktop/Embedded Systems/labsolutions/embedded/2018_1_zybo_labsolution/lab4/lab4.srcs/sources_1/ipshared/xilinx.com/processing_system7_bfm_v2_0/adcdcea3/hdl/processing_system7_bfm_v2_0_afi_slave.v'. Please regenerate to continue.
WARNING: [IP_Flow 19-3664] IP 'system_processing_system7_0_0' generated file not found 'c:/Users/eashanw/Desktop/Embedded Systems/labsolutions/embedded/2018_1_zybo_labsolution/lab4/lab4.srcs/sources_1/ipshared/xilinx.com/processing_system7_bfm_v2_0/adcdcea3/hdl/processing_system7_bfm_v2_0_apis.v'. Please regenerate to continue.
WARNING: [IP_Flow 19-3664] IP 'system_processing_system7_0_0' generated file not found 'c:/Users/eashanw/Desktop/Embedded Systems/labsolutions/embedded/2018_1_zybo_labsolution/lab4/lab4.srcs/sources_1/ipshared/xilinx.com/processing_system7_bfm_v2_0/adcdcea3/hdl/processing_system7_bfm_v2_0_unused_ports.v'. Please regenerate to continue.
WARNING: [IP_Flow 19-3664] IP 'system_processing_system7_0_0' generated file not found 'c:/Users/eashanw/Desktop/Embedded Systems/labsolutions/embedded/2018_1_zybo_labsolution/lab4/lab4.srcs/sources_1/ipshared/xilinx.com/processing_system7_bfm_v2_0/adcdcea3/hdl/processing_system7_bfm_v2_0_axi_gp.v'. Please regenerate to continue.
WARNING: [IP_Flow 19-3664] IP 'system_processing_system7_0_0' generated file not found 'c:/Users/eashanw/Desktop/Embedded Systems/labsolutions/embedded/2018_1_zybo_labsolution/lab4/lab4.srcs/sources_1/ipshared/xilinx.com/processing_system7_bfm_v2_0/adcdcea3/hdl/processing_system7_bfm_v2_0_axi_acp.v'. Please regenerate to continue.
WARNING: [IP_Flow 19-3664] IP 'system_processing_system7_0_0' generated file not found 'c:/Users/eashanw/Desktop/Embedded Systems/labsolutions/embedded/2018_1_zybo_labsolution/lab4/lab4.srcs/sources_1/ipshared/xilinx.com/processing_system7_bfm_v2_0/adcdcea3/hdl/processing_system7_bfm_v2_0_axi_hp.v'. Please regenerate to continue.
WARNING: [IP_Flow 19-3664] IP 'system_processing_system7_0_0' generated file not found 'c:/Users/eashanw/Desktop/Embedded Systems/labsolutions/embedded/2018_1_zybo_labsolution/lab4/lab4.srcs/sources_1/ipshared/xilinx.com/processing_system7_bfm_v2_0/adcdcea3/hdl/processing_system7_bfm_v2_0_processing_system7_bfm.v'. Please regenerate to continue.
WARNING: [IP_Flow 19-3664] IP 'system_processing_system7_0_0' generated file not found 'c:/Users/eashanw/Desktop/Embedded Systems/labsolutions/embedded/2018_1_zybo_labsolution/lab4/lab4.srcs/sources_1/bd/system/ip/system_processing_system7_0_0/sim/system_processing_system7_0_0.v'. Please regenerate to continue.
WARNING: [IP_Flow 19-3664] IP 'system_processing_system7_0_0' generated file not found 'c:/Users/eashanw/Desktop/Embedded Systems/labsolutions/embedded/2018_1_zybo_labsolution/lab4/lab4.srcs/sources_1/bd/system/ip/system_processing_system7_0_0/doc/processing_system7_v5_5_changelog.txt'. Please regenerate to continue.
WARNING: [IP_Flow 19-3664] IP 'system_processing_system7_0_0' generated file not found 'c:/Users/eashanw/Desktop/Embedded Systems/labsolutions/embedded/2018_1_zybo_labsolution/lab4/lab4.srcs/sources_1/ipshared/xilinx.com/processing_system7_v5_5/ad955ff5/hdl/verilog/processing_system7_v5_5_aw_atc.v'. Please regenerate to continue.
WARNING: [IP_Flow 19-3664] IP 'system_processing_system7_0_0' generated file not found 'c:/Users/eashanw/Desktop/Embedded Systems/labsolutions/embedded/2018_1_zybo_labsolution/lab4/lab4.srcs/sources_1/ipshared/xilinx.com/processing_system7_v5_5/ad955ff5/hdl/verilog/processing_system7_v5_5_b_atc.v'. Please regenerate to continue.
WARNING: [IP_Flow 19-3664] IP 'system_processing_system7_0_0' generated file not found 'c:/Users/eashanw/Desktop/Embedded Systems/labsolutions/embedded/2018_1_zybo_labsolution/lab4/lab4.srcs/sources_1/ipshared/xilinx.com/processing_system7_v5_5/ad955ff5/hdl/verilog/processing_system7_v5_5_w_atc.v'. Please regenerate to continue.
WARNING: [IP_Flow 19-3664] IP 'system_processing_system7_0_0' generated file not found 'c:/Users/eashanw/Desktop/Embedded Systems/labsolutions/embedded/2018_1_zybo_labsolution/lab4/lab4.srcs/sources_1/ipshared/xilinx.com/processing_system7_v5_5/ad955ff5/hdl/verilog/processing_system7_v5_5_atc.v'. Please regenerate to continue.
WARNING: [IP_Flow 19-3664] IP 'system_processing_system7_0_0' generated file not found 'c:/Users/eashanw/Desktop/Embedded Systems/labsolutions/embedded/2018_1_zybo_labsolution/lab4/lab4.srcs/sources_1/ipshared/xilinx.com/processing_system7_v5_5/ad955ff5/hdl/verilog/processing_system7_v5_5_trace_buffer.v'. Please regenerate to continue.
WARNING: [IP_Flow 19-3664] IP 'system_processing_system7_0_0' generated file not found 'c:/Users/eashanw/Desktop/Embedded Systems/labsolutions/embedded/2018_1_zybo_labsolution/lab4/lab4.srcs/sources_1/bd/system/ip/system_processing_system7_0_0/hdl/verilog/processing_system7_v5_5_processing_system7.v'. Please regenerate to continue.
WARNING: [IP_Flow 19-3664] IP 'system_processing_system7_0_0' generated file not found 'c:/Users/eashanw/Desktop/Embedded Systems/labsolutions/embedded/2018_1_zybo_labsolution/lab4/lab4.srcs/sources_1/bd/system/ip/system_processing_system7_0_0/synth/system_processing_system7_0_0.v'. Please regenerate to continue.
WARNING: [IP_Flow 19-3664] IP 'system_axi_gpio_0_0' generated file not found 'c:/Users/eashanw/Desktop/Embedded Systems/labsolutions/embedded/2018_1_zybo_labsolution/lab4/lab4.srcs/sources_1/ipshared/xilinx.com/axi_lite_ipif_v3_0/876b8fe4/hdl/src/vhdl/address_decoder.vhd'. Please regenerate to continue.
WARNING: [IP_Flow 19-3664] IP 'system_axi_gpio_0_0' generated file not found 'c:/Users/eashanw/Desktop/Embedded Systems/labsolutions/embedded/2018_1_zybo_labsolution/lab4/lab4.srcs/sources_1/ipshared/xilinx.com/axi_lite_ipif_v3_0/876b8fe4/hdl/src/vhdl/slave_attachment.vhd'. Please regenerate to continue.
WARNING: [IP_Flow 19-3664] IP 'system_axi_gpio_0_0' generated file not found 'c:/Users/eashanw/Desktop/Embedded Systems/labsolutions/embedded/2018_1_zybo_labsolution/lab4/lab4.srcs/sources_1/ipshared/xilinx.com/axi_lite_ipif_v3_0/876b8fe4/hdl/src/vhdl/axi_lite_ipif.vhd'. Please regenerate to continue.
WARNING: [IP_Flow 19-3664] IP 'system_axi_gpio_0_0' generated file not found 'c:/Users/eashanw/Desktop/Embedded Systems/labsolutions/embedded/2018_1_zybo_labsolution/lab4/lab4.srcs/sources_1/ipshared/xilinx.com/interrupt_control_v3_1/dd9a9dbd/hdl/src/vhdl/interrupt_control.vhd'. Please regenerate to continue.
WARNING: [IP_Flow 19-3664] IP 'system_axi_gpio_0_1' generated file not found 'c:/Users/eashanw/Desktop/Embedded Systems/labsolutions/embedded/2018_1_zybo_labsolution/lab4/lab4.srcs/sources_1/ipshared/xilinx.com/axi_lite_ipif_v3_0/876b8fe4/hdl/src/vhdl/address_decoder.vhd'. Please regenerate to continue.
WARNING: [IP_Flow 19-3664] IP 'system_axi_gpio_0_1' generated file not found 'c:/Users/eashanw/Desktop/Embedded Systems/labsolutions/embedded/2018_1_zybo_labsolution/lab4/lab4.srcs/sources_1/ipshared/xilinx.com/axi_lite_ipif_v3_0/876b8fe4/hdl/src/vhdl/slave_attachment.vhd'. Please regenerate to continue.
WARNING: [IP_Flow 19-3664] IP 'system_axi_gpio_0_1' generated file not found 'c:/Users/eashanw/Desktop/Embedded Systems/labsolutions/embedded/2018_1_zybo_labsolution/lab4/lab4.srcs/sources_1/ipshared/xilinx.com/axi_lite_ipif_v3_0/876b8fe4/hdl/src/vhdl/axi_lite_ipif.vhd'. Please regenerate to continue.
WARNING: [IP_Flow 19-3664] IP 'system_axi_gpio_0_1' generated file not found 'c:/Users/eashanw/Desktop/Embedded Systems/labsolutions/embedded/2018_1_zybo_labsolution/lab4/lab4.srcs/sources_1/ipshared/xilinx.com/interrupt_control_v3_1/dd9a9dbd/hdl/src/vhdl/interrupt_control.vhd'. Please regenerate to continue.
WARNING: [IP_Flow 19-3664] IP 'system_xbar_0' generated file not found 'c:/Users/eashanw/Desktop/Embedded Systems/labsolutions/embedded/2018_1_zybo_labsolution/lab4/lab4.srcs/sources_1/ipshared/xilinx.com/generic_baseblocks_v2_1/da89d453/hdl/verilog/generic_baseblocks_v2_1_carry_and.v'. Please regenerate to continue.
WARNING: [IP_Flow 19-3664] IP 'system_xbar_0' generated file not found 'c:/Users/eashanw/Desktop/Embedded Systems/labsolutions/embedded/2018_1_zybo_labsolution/lab4/lab4.srcs/sources_1/ipshared/xilinx.com/generic_baseblocks_v2_1/da89d453/hdl/verilog/generic_baseblocks_v2_1_carry_latch_and.v'. Please regenerate to continue.
WARNING: [IP_Flow 19-3664] IP 'system_xbar_0' generated file not found 'c:/Users/eashanw/Desktop/Embedded Systems/labsolutions/embedded/2018_1_zybo_labsolution/lab4/lab4.srcs/sources_1/ipshared/xilinx.com/generic_baseblocks_v2_1/da89d453/hdl/verilog/generic_baseblocks_v2_1_carry_latch_or.v'. Please regenerate to continue.
WARNING: [IP_Flow 19-3664] IP 'system_xbar_0' generated file not found 'c:/Users/eashanw/Desktop/Embedded Systems/labsolutions/embedded/2018_1_zybo_labsolution/lab4/lab4.srcs/sources_1/ipshared/xilinx.com/generic_baseblocks_v2_1/da89d453/hdl/verilog/generic_baseblocks_v2_1_carry_or.v'. Please regenerate to continue.
WARNING: [IP_Flow 19-3664] IP 'system_xbar_0' generated file not found 'c:/Users/eashanw/Desktop/Embedded Systems/labsolutions/embedded/2018_1_zybo_labsolution/lab4/lab4.srcs/sources_1/ipshared/xilinx.com/generic_baseblocks_v2_1/da89d453/hdl/verilog/generic_baseblocks_v2_1_carry.v'. Please regenerate to continue.
WARNING: [IP_Flow 19-3664] IP 'system_xbar_0' generated file not found 'c:/Users/eashanw/Desktop/Embedded Systems/labsolutions/embedded/2018_1_zybo_labsolution/lab4/lab4.srcs/sources_1/ipshared/xilinx.com/generic_baseblocks_v2_1/da89d453/hdl/verilog/generic_baseblocks_v2_1_command_fifo.v'. Please regenerate to continue.
WARNING: [IP_Flow 19-3664] IP 'system_xbar_0' generated file not found 'c:/Users/eashanw/Desktop/Embedded Systems/labsolutions/embedded/2018_1_zybo_labsolution/lab4/lab4.srcs/sources_1/ipshared/xilinx.com/generic_baseblocks_v2_1/da89d453/hdl/verilog/generic_baseblocks_v2_1_comparator_mask_static.v'. Please regenerate to continue.
WARNING: [IP_Flow 19-3664] IP 'system_xbar_0' generated file not found 'c:/Users/eashanw/Desktop/Embedded Systems/labsolutions/embedded/2018_1_zybo_labsolution/lab4/lab4.srcs/sources_1/ipshared/xilinx.com/generic_baseblocks_v2_1/da89d453/hdl/verilog/generic_baseblocks_v2_1_comparator_mask.v'. Please regenerate to continue.
WARNING: [IP_Flow 19-3664] IP 'system_xbar_0' generated file not found 'c:/Users/eashanw/Desktop/Embedded Systems/labsolutions/embedded/2018_1_zybo_labsolution/lab4/lab4.srcs/sources_1/ipshared/xilinx.com/generic_baseblocks_v2_1/da89d453/hdl/verilog/generic_baseblocks_v2_1_comparator_sel_mask_static.v'. Please regenerate to continue.
WARNING: [IP_Flow 19-3664] IP 'system_xbar_0' generated file not found 'c:/Users/eashanw/Desktop/Embedded Systems/labsolutions/embedded/2018_1_zybo_labsolution/lab4/lab4.srcs/sources_1/ipshared/xilinx.com/generic_baseblocks_v2_1/da89d453/hdl/verilog/generic_baseblocks_v2_1_comparator_sel_mask.v'. Please regenerate to continue.
WARNING: [IP_Flow 19-3664] IP 'system_xbar_0' generated file not found 'c:/Users/eashanw/Desktop/Embedded Systems/labsolutions/embedded/2018_1_zybo_labsolution/lab4/lab4.srcs/sources_1/ipshared/xilinx.com/generic_baseblocks_v2_1/da89d453/hdl/verilog/generic_baseblocks_v2_1_comparator_sel_static.v'. Please regenerate to continue.
WARNING: [IP_Flow 19-3664] IP 'system_xbar_0' generated file not found 'c:/Users/eashanw/Desktop/Embedded Systems/labsolutions/embedded/2018_1_zybo_labsolution/lab4/lab4.srcs/sources_1/ipshared/xilinx.com/generic_baseblocks_v2_1/da89d453/hdl/verilog/generic_baseblocks_v2_1_comparator_sel.v'. Please regenerate to continue.
WARNING: [IP_Flow 19-3664] IP 'system_xbar_0' generated file not found 'c:/Users/eashanw/Desktop/Embedded Systems/labsolutions/embedded/2018_1_zybo_labsolution/lab4/lab4.srcs/sources_1/ipshared/xilinx.com/generic_baseblocks_v2_1/da89d453/hdl/verilog/generic_baseblocks_v2_1_comparator_static.v'. Please regenerate to continue.
WARNING: [IP_Flow 19-3664] IP 'system_xbar_0' generated file not found 'c:/Users/eashanw/Desktop/Embedded Systems/labsolutions/embedded/2018_1_zybo_labsolution/lab4/lab4.srcs/sources_1/ipshared/xilinx.com/generic_baseblocks_v2_1/da89d453/hdl/verilog/generic_baseblocks_v2_1_comparator.v'. Please regenerate to continue.
WARNING: [IP_Flow 19-3664] IP 'system_xbar_0' generated file not found 'c:/Users/eashanw/Desktop/Embedded Systems/labsolutions/embedded/2018_1_zybo_labsolution/lab4/lab4.srcs/sources_1/ipshared/xilinx.com/generic_baseblocks_v2_1/da89d453/hdl/verilog/generic_baseblocks_v2_1_mux_enc.v'. Please regenerate to continue.
WARNING: [IP_Flow 19-3664] IP 'system_xbar_0' generated file not found 'c:/Users/eashanw/Desktop/Embedded Systems/labsolutions/embedded/2018_1_zybo_labsolution/lab4/lab4.srcs/sources_1/ipshared/xilinx.com/generic_baseblocks_v2_1/da89d453/hdl/verilog/generic_baseblocks_v2_1_mux.v'. Please regenerate to continue.
WARNING: [IP_Flow 19-3664] IP 'system_xbar_0' generated file not found 'c:/Users/eashanw/Desktop/Embedded Systems/labsolutions/embedded/2018_1_zybo_labsolution/lab4/lab4.srcs/sources_1/ipshared/xilinx.com/generic_baseblocks_v2_1/da89d453/hdl/verilog/generic_baseblocks_v2_1_nto1_mux.v'. Please regenerate to continue.
WARNING: [IP_Flow 19-3664] IP 'system_xbar_0' generated file not found 'c:/Users/eashanw/Desktop/Embedded Systems/labsolutions/embedded/2018_1_zybo_labsolution/lab4/lab4.srcs/sources_1/ipshared/xilinx.com/axi_infrastructure_v1_1/cf21a66f/hdl/verilog/axi_infrastructure_v1_1_header.vh'. Please regenerate to continue.
WARNING: [IP_Flow 19-3664] IP 'system_xbar_0' generated file not found 'c:/Users/eashanw/Desktop/Embedded Systems/labsolutions/embedded/2018_1_zybo_labsolution/lab4/lab4.srcs/sources_1/ipshared/xilinx.com/axi_infrastructure_v1_1/cf21a66f/hdl/verilog/axi_infrastructure_v1_1_axi2vector.v'. Please regenerate to continue.
WARNING: [IP_Flow 19-3664] IP 'system_xbar_0' generated file not found 'c:/Users/eashanw/Desktop/Embedded Systems/labsolutions/embedded/2018_1_zybo_labsolution/lab4/lab4.srcs/sources_1/ipshared/xilinx.com/axi_infrastructure_v1_1/cf21a66f/hdl/verilog/axi_infrastructure_v1_1_axic_srl_fifo.v'. Please regenerate to continue.
WARNING: [IP_Flow 19-3664] IP 'system_xbar_0' generated file not found 'c:/Users/eashanw/Desktop/Embedded Systems/labsolutions/embedded/2018_1_zybo_labsolution/lab4/lab4.srcs/sources_1/ipshared/xilinx.com/axi_infrastructure_v1_1/cf21a66f/hdl/verilog/axi_infrastructure_v1_1_vector2axi.v'. Please regenerate to continue.
WARNING: [IP_Flow 19-3664] IP 'system_xbar_0' generated file not found 'c:/Users/eashanw/Desktop/Embedded Systems/labsolutions/embedded/2018_1_zybo_labsolution/lab4/lab4.srcs/sources_1/ipshared/xilinx.com/axi_register_slice_v2_1/03a8e0ba/hdl/verilog/axi_register_slice_v2_1_axic_register_slice.v'. Please regenerate to continue.
WARNING: [IP_Flow 19-3664] IP 'system_xbar_0' generated file not found 'c:/Users/eashanw/Desktop/Embedded Systems/labsolutions/embedded/2018_1_zybo_labsolution/lab4/lab4.srcs/sources_1/ipshared/xilinx.com/axi_register_slice_v2_1/03a8e0ba/hdl/verilog/axi_register_slice_v2_1_axi_register_slice.v'. Please regenerate to continue.
WARNING: [IP_Flow 19-3664] IP 'system_xbar_0' generated file not found 'c:/Users/eashanw/Desktop/Embedded Systems/labsolutions/embedded/2018_1_zybo_labsolution/lab4/lab4.srcs/sources_1/ipshared/xilinx.com/blk_mem_gen_v8_2/7b054ed9/hdl/blk_mem_gen_v8_2_vhsyn_rfs.vhd'. Please regenerate to continue.
WARNING: [IP_Flow 19-3664] IP 'system_xbar_0' generated file not found 'c:/Users/eashanw/Desktop/Embedded Systems/labsolutions/embedded/2018_1_zybo_labsolution/lab4/lab4.srcs/sources_1/ipshared/xilinx.com/fifo_generator_v12_0/15467f24/hdl/fifo_generator_v12_0_vhsyn_rfs.vhd'. Please regenerate to continue.
WARNING: [IP_Flow 19-3664] IP 'system_xbar_0' generated file not found 'c:/Users/eashanw/Desktop/Embedded Systems/labsolutions/embedded/2018_1_zybo_labsolution/lab4/lab4.srcs/sources_1/ipshared/xilinx.com/fifo_generator_v12_0/15467f24/hdl/fifo_generator_v12_0.vhd'. Please regenerate to continue.
WARNING: [IP_Flow 19-3664] IP 'system_xbar_0' generated file not found 'c:/Users/eashanw/Desktop/Embedded Systems/labsolutions/embedded/2018_1_zybo_labsolution/lab4/lab4.srcs/sources_1/ipshared/xilinx.com/axi_data_fifo_v2_1/82d298e6/hdl/verilog/axi_data_fifo_v2_1_axic_fifo.v'. Please regenerate to continue.
WARNING: [IP_Flow 19-3664] IP 'system_xbar_0' generated file not found 'c:/Users/eashanw/Desktop/Embedded Systems/labsolutions/embedded/2018_1_zybo_labsolution/lab4/lab4.srcs/sources_1/ipshared/xilinx.com/axi_data_fifo_v2_1/82d298e6/hdl/verilog/axi_data_fifo_v2_1_fifo_gen.v'. Please regenerate to continue.
WARNING: [IP_Flow 19-3664] IP 'system_xbar_0' generated file not found 'c:/Users/eashanw/Desktop/Embedded Systems/labsolutions/embedded/2018_1_zybo_labsolution/lab4/lab4.srcs/sources_1/ipshared/xilinx.com/axi_data_fifo_v2_1/82d298e6/hdl/verilog/axi_data_fifo_v2_1_axic_srl_fifo.v'. Please regenerate to continue.
WARNING: [IP_Flow 19-3664] IP 'system_xbar_0' generated file not found 'c:/Users/eashanw/Desktop/Embedded Systems/labsolutions/embedded/2018_1_zybo_labsolution/lab4/lab4.srcs/sources_1/ipshared/xilinx.com/axi_data_fifo_v2_1/82d298e6/hdl/verilog/axi_data_fifo_v2_1_axic_reg_srl_fifo.v'. Please regenerate to continue.
WARNING: [IP_Flow 19-3664] IP 'system_xbar_0' generated file not found 'c:/Users/eashanw/Desktop/Embedded Systems/labsolutions/embedded/2018_1_zybo_labsolution/lab4/lab4.srcs/sources_1/ipshared/xilinx.com/axi_data_fifo_v2_1/82d298e6/hdl/verilog/axi_data_fifo_v2_1_ndeep_srl.v'. Please regenerate to continue.
WARNING: [IP_Flow 19-3664] IP 'system_xbar_0' generated file not found 'c:/Users/eashanw/Desktop/Embedded Systems/labsolutions/embedded/2018_1_zybo_labsolution/lab4/lab4.srcs/sources_1/ipshared/xilinx.com/axi_data_fifo_v2_1/82d298e6/hdl/verilog/axi_data_fifo_v2_1_axi_data_fifo.v'. Please regenerate to continue.
WARNING: [IP_Flow 19-3664] IP 'system_xbar_0' generated file not found 'c:/Users/eashanw/Desktop/Embedded Systems/labsolutions/embedded/2018_1_zybo_labsolution/lab4/lab4.srcs/sources_1/ipshared/xilinx.com/axi_crossbar_v2_1/9368eebf/hdl/verilog/axi_crossbar_v2_1_addr_arbiter_sasd.v'. Please regenerate to continue.
WARNING: [IP_Flow 19-3664] IP 'system_xbar_0' generated file not found 'c:/Users/eashanw/Desktop/Embedded Systems/labsolutions/embedded/2018_1_zybo_labsolution/lab4/lab4.srcs/sources_1/ipshared/xilinx.com/axi_crossbar_v2_1/9368eebf/hdl/verilog/axi_crossbar_v2_1_addr_arbiter.v'. Please regenerate to continue.
WARNING: [IP_Flow 19-3664] IP 'system_xbar_0' generated file not found 'c:/Users/eashanw/Desktop/Embedded Systems/labsolutions/embedded/2018_1_zybo_labsolution/lab4/lab4.srcs/sources_1/ipshared/xilinx.com/axi_crossbar_v2_1/9368eebf/hdl/verilog/axi_crossbar_v2_1_addr_decoder.v'. Please regenerate to continue.
WARNING: [IP_Flow 19-3664] IP 'system_xbar_0' generated file not found 'c:/Users/eashanw/Desktop/Embedded Systems/labsolutions/embedded/2018_1_zybo_labsolution/lab4/lab4.srcs/sources_1/ipshared/xilinx.com/axi_crossbar_v2_1/9368eebf/hdl/verilog/axi_crossbar_v2_1_arbiter_resp.v'. Please regenerate to continue.
WARNING: [IP_Flow 19-3664] IP 'system_xbar_0' generated file not found 'c:/Users/eashanw/Desktop/Embedded Systems/labsolutions/embedded/2018_1_zybo_labsolution/lab4/lab4.srcs/sources_1/ipshared/xilinx.com/axi_crossbar_v2_1/9368eebf/hdl/verilog/axi_crossbar_v2_1_crossbar_sasd.v'. Please regenerate to continue.
WARNING: [IP_Flow 19-3664] IP 'system_xbar_0' generated file not found 'c:/Users/eashanw/Desktop/Embedded Systems/labsolutions/embedded/2018_1_zybo_labsolution/lab4/lab4.srcs/sources_1/ipshared/xilinx.com/axi_crossbar_v2_1/9368eebf/hdl/verilog/axi_crossbar_v2_1_crossbar.v'. Please regenerate to continue.
WARNING: [IP_Flow 19-3664] IP 'system_xbar_0' generated file not found 'c:/Users/eashanw/Desktop/Embedded Systems/labsolutions/embedded/2018_1_zybo_labsolution/lab4/lab4.srcs/sources_1/ipshared/xilinx.com/axi_crossbar_v2_1/9368eebf/hdl/verilog/axi_crossbar_v2_1_decerr_slave.v'. Please regenerate to continue.
WARNING: [IP_Flow 19-3664] IP 'system_xbar_0' generated file not found 'c:/Users/eashanw/Desktop/Embedded Systems/labsolutions/embedded/2018_1_zybo_labsolution/lab4/lab4.srcs/sources_1/ipshared/xilinx.com/axi_crossbar_v2_1/9368eebf/hdl/verilog/axi_crossbar_v2_1_si_transactor.v'. Please regenerate to continue.
WARNING: [IP_Flow 19-3664] IP 'system_xbar_0' generated file not found 'c:/Users/eashanw/Desktop/Embedded Systems/labsolutions/embedded/2018_1_zybo_labsolution/lab4/lab4.srcs/sources_1/ipshared/xilinx.com/axi_crossbar_v2_1/9368eebf/hdl/verilog/axi_crossbar_v2_1_splitter.v'. Please regenerate to continue.
WARNING: [IP_Flow 19-3664] IP 'system_xbar_0' generated file not found 'c:/Users/eashanw/Desktop/Embedded Systems/labsolutions/embedded/2018_1_zybo_labsolution/lab4/lab4.srcs/sources_1/ipshared/xilinx.com/axi_crossbar_v2_1/9368eebf/hdl/verilog/axi_crossbar_v2_1_wdata_mux.v'. Please regenerate to continue.
WARNING: [IP_Flow 19-3664] IP 'system_xbar_0' generated file not found 'c:/Users/eashanw/Desktop/Embedded Systems/labsolutions/embedded/2018_1_zybo_labsolution/lab4/lab4.srcs/sources_1/ipshared/xilinx.com/axi_crossbar_v2_1/9368eebf/hdl/verilog/axi_crossbar_v2_1_wdata_router.v'. Please regenerate to continue.
WARNING: [IP_Flow 19-3664] IP 'system_xbar_0' generated file not found 'c:/Users/eashanw/Desktop/Embedded Systems/labsolutions/embedded/2018_1_zybo_labsolution/lab4/lab4.srcs/sources_1/ipshared/xilinx.com/axi_crossbar_v2_1/9368eebf/hdl/verilog/axi_crossbar_v2_1_axi_crossbar.v'. Please regenerate to continue.
WARNING: [IP_Flow 19-3664] IP 'system_axi_bram_ctrl_0_0' generated file not found 'c:/Users/eashanw/Desktop/Embedded Systems/labsolutions/embedded/2018_1_zybo_labsolution/lab4/lab4.srcs/sources_1/ipshared/xilinx.com/blk_mem_gen_v8_2/7b054ed9/hdl/blk_mem_gen_v8_2_vhsyn_rfs.vhd'. Please regenerate to continue.
WARNING: [IP_Flow 19-3664] IP 'system_axi_bram_ctrl_0_0' generated file not found 'c:/Users/eashanw/Desktop/Embedded Systems/labsolutions/embedded/2018_1_zybo_labsolution/lab4/lab4.srcs/sources_1/ipshared/xilinx.com/axi_bram_ctrl_v4_0/3dec2f5b/hdl/vhdl/axi_bram_ctrl_funcs.vhd'. Please regenerate to continue.
WARNING: [IP_Flow 19-3664] IP 'system_axi_bram_ctrl_0_0' generated file not found 'c:/Users/eashanw/Desktop/Embedded Systems/labsolutions/embedded/2018_1_zybo_labsolution/lab4/lab4.srcs/sources_1/ipshared/xilinx.com/axi_bram_ctrl_v4_0/3dec2f5b/hdl/vhdl/coregen_comp_defs.vhd'. Please regenerate to continue.
WARNING: [IP_Flow 19-3664] IP 'system_axi_bram_ctrl_0_0' generated file not found 'c:/Users/eashanw/Desktop/Embedded Systems/labsolutions/embedded/2018_1_zybo_labsolution/lab4/lab4.srcs/sources_1/ipshared/xilinx.com/axi_bram_ctrl_v4_0/3dec2f5b/hdl/vhdl/checkbit_handler_64.vhd'. Please regenerate to continue.
WARNING: [IP_Flow 19-3664] IP 'system_axi_bram_ctrl_0_0' generated file not found 'c:/Users/eashanw/Desktop/Embedded Systems/labsolutions/embedded/2018_1_zybo_labsolution/lab4/lab4.srcs/sources_1/ipshared/xilinx.com/axi_bram_ctrl_v4_0/3dec2f5b/hdl/vhdl/correct_one_bit_64.vhd'. Please regenerate to continue.
WARNING: [IP_Flow 19-3664] IP 'system_axi_bram_ctrl_0_0' generated file not found 'c:/Users/eashanw/Desktop/Embedded Systems/labsolutions/embedded/2018_1_zybo_labsolution/lab4/lab4.srcs/sources_1/ipshared/xilinx.com/axi_bram_ctrl_v4_0/3dec2f5b/hdl/vhdl/axi_bram_ctrl_top.vhd'. Please regenerate to continue.
WARNING: [IP_Flow 19-3664] IP 'system_axi_bram_ctrl_0_bram_0' generated file not found 'c:/Users/eashanw/Desktop/Embedded Systems/labsolutions/embedded/2018_1_zybo_labsolution/lab4/lab4.srcs/sources_1/bd/system/ip/system_axi_bram_ctrl_0_bram_0/system_axi_bram_ctrl_0_bram_0_ooc.xdc'. Please regenerate to continue.
WARNING: [IP_Flow 19-3664] IP 'system_axi_bram_ctrl_0_bram_0' generated file not found 'c:/Users/eashanw/Desktop/Embedded Systems/labsolutions/embedded/2018_1_zybo_labsolution/lab4/lab4.srcs/sources_1/ipshared/xilinx.com/blk_mem_gen_v8_2/7b054ed9/hdl/blk_mem_gen_v8_2_vhsyn_rfs.vhd'. Please regenerate to continue.
INFO: [Common 17-14] Message 'IP_Flow 19-3664' appears 100 times and further instances of the messages will be disabled. Use the Tcl command set_msg_config to change the current settings.
WARNING: [BD 41-1661] One or more IPs have been locked in the design 'system.bd'. Please run report_ip_status for more details and recommendations on how to fix this issue.
List of locked IPs:
system_auto_pc_2
system_axi_gpio_0_0
system_processing_system7_0_0
system_axi_gpio_0_1
system_auto_pc_0
system_xbar_0
system_axi_bram_ctrl_0_0
system_axi_bram_ctrl_0_bram_0
system_auto_pc_1
system_auto_pc_3

INFO: [Project 1-230] Project 'lab4.xpr' upgraded for this version of Vivado.
open_project: Time (s): cpu = 00:00:26 ; elapsed = 00:00:20 . Memory (MB): peak = 898.355 ; gain = 203.164
exit
INFO: [Common 17-206] Exiting Vivado at Tue Jul 10 11:52:10 2018...
