#-----------------------------------------------------------
# Vivado v2018.1 (64-bit)
# SW Build 2188600 on Wed Apr  4 18:40:38 MDT 2018
# IP Build 2185939 on Wed Apr  4 20:55:05 MDT 2018
# Start of session at: Fri Jun 29 13:04:09 2018
# Process ID: 16420
# Current directory: C:/Users/eashanw/Desktop/Github Workshop Updated material/XIlinx-Workshops/Embedded System Design Flow on Zynq/labsolutions/embedded/2018_2_pynq_labsolution/lab_1
# Command line: vivado.exe -gui_launcher_event rodinguilauncherevent13244 C:\Users\eashanw\Desktop\Github Workshop Updated material\XIlinx-Workshops\Embedded System Design Flow on Zynq\labsolutions\embedded\2018_2_pynq_labsolution\lab_1\lab_1.xpr
# Log file: C:/Users/eashanw/Desktop/Github Workshop Updated material/XIlinx-Workshops/Embedded System Design Flow on Zynq/labsolutions/embedded/2018_2_pynq_labsolution/lab_1/vivado.log
# Journal file: C:/Users/eashanw/Desktop/Github Workshop Updated material/XIlinx-Workshops/Embedded System Design Flow on Zynq/labsolutions/embedded/2018_2_pynq_labsolution/lab_1\vivado.jou
#-----------------------------------------------------------
start_gui
open_project {C:/Users/eashanw/Desktop/Github Workshop Updated material/XIlinx-Workshops/Embedded System Design Flow on Zynq/labsolutions/embedded/2018_2_pynq_labsolution/lab_1/lab_1.xpr}
INFO: [ProjectBase 1-489] The host OS only allows 260 characters in a normal path. The project is stored in a path with more than 80 characters. If you experience issues with IP, Block Designs, or files not being found, please consider moving the project to a location with a shorter path. Alternately consider using the OS subst command to map part of the path to a drive letter.
Current project path is 'C:/Users/eashanw/Desktop/Github Workshop Updated material/XIlinx-Workshops/Embedded System Design Flow on Zynq/labsolutions/embedded/2018_2_pynq_labsolution/lab_1'
INFO: [Project 1-313] Project file moved from 'C:/xup/embedded/2018_1_zynq_labs/lab_1' since last save.
Scanning sources...
Finished scanning sources
WARNING: [Project 1-312] File not found as 'C:/Users/eashanw/Desktop/Github Workshop Updated material/XIlinx-Workshops/Embedded System Design Flow on Zynq/labsolutions/embedded/2018_2_pynq_labsolution/lab_1/lab_1.srcs/sources_1/bd/system/ip/system_processing_system7_0_0/system_processing_system7_0_0.xci'; using path 'C:/xup/embedded/2018_1_zynq_labs/lab_1/lab_1.srcs/sources_1/bd/system/ip/system_processing_system7_0_0/system_processing_system7_0_0.xci' instead.
WARNING: [Project 1-312] File not found as 'C:/Users/eashanw/Desktop/Github Workshop Updated material/XIlinx-Workshops/Embedded System Design Flow on Zynq/labsolutions/embedded/2018_2_pynq_labsolution/lab_1/lab_1.srcs/sources_1/bd/system/ip/system_processing_system7_0_0/system_processing_system7_0_0.xci'; using path 'C:/xup/embedded/2018_1_zynq_labs/lab_1/lab_1.srcs/sources_1/bd/system/ip/system_processing_system7_0_0/system_processing_system7_0_0.xci' instead.
WARNING: [Project 1-533] File 'C:/Users/eashanw/Desktop/Github Workshop Updated material/XIlinx-Workshops/Embedded System Design Flow on Zynq/labsolutions/embedded/2018_2_pynq_labsolution/lab_1/lab_1.srcs/sources_1/bd/system/ip/system_processing_system7_0_0/system_processing_system7_0_0.xci' could not be found in the subdesign 'C:/Users/eashanw/Desktop/Github Workshop Updated material/XIlinx-Workshops/Embedded System Design Flow on Zynq/labsolutions/embedded/2018_2_pynq_labsolution/lab_1/lab_1.srcs/sources_1/bd/system/system.bd', but fileset 'system_processing_system7_0_0' still exists. The fileset and corresponding run(s) will be deleted the next time top-level synthesis is run.
INFO: [IP_Flow 19-234] Refreshing IP repositories
INFO: [IP_Flow 19-1704] No user IP repositories specified
INFO: [IP_Flow 19-2313] Loaded Vivado IP repository 'C:/Xilinx/Vivado/2018.1/data/ip'.
open_project: Time (s): cpu = 00:00:38 ; elapsed = 00:00:26 . Memory (MB): peak = 986.320 ; gain = 259.305
update_compile_order -fileset sources_1
launch_sdk -workspace {C:/Users/eashanw/Desktop/Github Workshop Updated material/XIlinx-Workshops/Embedded System Design Flow on Zynq/labsolutions/embedded/2018_2_pynq_labsolution/lab_1/lab_1.sdk} -hwspec {C:/Users/eashanw/Desktop/Github Workshop Updated material/XIlinx-Workshops/Embedded System Design Flow on Zynq/labsolutions/embedded/2018_2_pynq_labsolution/lab_1/lab_1.sdk/system_wrapper.hdf}
INFO: [Vivado 12-393] Launching SDK...
INFO: [Vivado 12-417] Running xsdk -workspace C:/Users/eashanw/Desktop/Github Workshop Updated material/XIlinx-Workshops/Embedded System Design Flow on Zynq/labsolutions/embedded/2018_2_pynq_labsolution/lab_1/lab_1.sdk -hwspec C:/Users/eashanw/Desktop/Github Workshop Updated material/XIlinx-Workshops/Embedded System Design Flow on Zynq/labsolutions/embedded/2018_2_pynq_labsolution/lab_1/lab_1.sdk/system_wrapper.hdf
INFO: [Vivado 12-3157] SDK launch initiated. Please check console for any further messages.
exit
INFO: [Common 17-206] Exiting Vivado at Fri Jun 29 13:07:10 2018...
