
*** Running vivado
    with args -log system_xbar_0.vds -m64 -product Vivado -mode batch -messageDb vivado.pb -notrace -source system_xbar_0.tcl


****** Vivado v2018.1 (64-bit)
  **** SW Build 2188600 on Wed Apr  4 18:40:38 MDT 2018
  **** IP Build 2185939 on Wed Apr  4 20:55:05 MDT 2018
    ** Copyright 1986-2018 Xilinx, Inc. All Rights Reserved.

source system_xbar_0.tcl -notrace
create_project: Time (s): cpu = 00:00:04 ; elapsed = 00:00:06 . Memory (MB): peak = 319.844 ; gain = 85.195
Command: synth_design -top system_xbar_0 -part xc7z020clg400-1 -mode out_of_context
Starting synth_design
Attempting to get a license for feature 'Synthesis' and/or device 'xc7z020'
INFO: [Common 17-349] Got license for feature 'Synthesis' and/or device 'xc7z020'
INFO: Launching helper process for spawning children vivado processes
INFO: Helper process launched with PID 5916 
---------------------------------------------------------------------------------
Starting RTL Elaboration : Time (s): cpu = 00:00:24 ; elapsed = 00:00:31 . Memory (MB): peak = 472.758 ; gain = 104.141
---------------------------------------------------------------------------------
INFO: [Synth 8-6157] synthesizing module 'system_xbar_0' [c:/xup/embedded/2018_1_zynq_labs/lab_3/lab_3.srcs/sources_1/bd/system/ip/system_xbar_0/synth/system_xbar_0.v:59]
INFO: [Synth 8-6157] synthesizing module 'axi_crossbar_v2_1_17_axi_crossbar' [c:/xup/embedded/2018_1_zynq_labs/lab_3/lab_3.srcs/sources_1/bd/system/ipshared/d293/hdl/axi_crossbar_v2_1_vl_rfs.v:4882]
	Parameter C_FAMILY bound to: zynq - type: string 
	Parameter C_NUM_SLAVE_SLOTS bound to: 1 - type: integer 
	Parameter C_NUM_MASTER_SLOTS bound to: 4 - type: integer 
	Parameter C_AXI_ID_WIDTH bound to: 12 - type: integer 
	Parameter C_AXI_ADDR_WIDTH bound to: 32 - type: integer 
	Parameter C_AXI_DATA_WIDTH bound to: 32 - type: integer 
	Parameter C_AXI_PROTOCOL bound to: 0 - type: integer 
	Parameter C_NUM_ADDR_RANGES bound to: 1 - type: integer 
	Parameter C_M_AXI_BASE_ADDR bound to: 256'b0000000000000000000000000000000001000000000000000000000000000000000000000000000000000000000000000100001111000000000000000000000000000000000000000000000000000000010000010010000100000000000000000000000000000000000000000000000001000001001000000000000000000000 
	Parameter C_M_AXI_ADDR_WIDTH bound to: 128'b00000000000000000000000000001101000000000000000000000000000100000000000000000000000000000001000000000000000000000000000000010000 
	Parameter C_S_AXI_BASE_ID bound to: 0 - type: integer 
	Parameter C_S_AXI_THREAD_ID_WIDTH bound to: 12 - type: integer 
	Parameter C_AXI_SUPPORTS_USER_SIGNALS bound to: 0 - type: integer 
	Parameter C_AXI_AWUSER_WIDTH bound to: 1 - type: integer 
	Parameter C_AXI_ARUSER_WIDTH bound to: 1 - type: integer 
	Parameter C_AXI_WUSER_WIDTH bound to: 1 - type: integer 
	Parameter C_AXI_RUSER_WIDTH bound to: 1 - type: integer 
	Parameter C_AXI_BUSER_WIDTH bound to: 1 - type: integer 
	Parameter C_M_AXI_WRITE_CONNECTIVITY bound to: 128'b00000000000000000000000000000001000000000000000000000000000000010000000000000000000000000000000100000000000000000000000000000001 
	Parameter C_M_AXI_READ_CONNECTIVITY bound to: 128'b00000000000000000000000000000001000000000000000000000000000000010000000000000000000000000000000100000000000000000000000000000001 
	Parameter C_R_REGISTER bound to: 1 - type: integer 
	Parameter C_S_AXI_SINGLE_THREAD bound to: 1 - type: integer 
	Parameter C_S_AXI_WRITE_ACCEPTANCE bound to: 1 - type: integer 
	Parameter C_S_AXI_READ_ACCEPTANCE bound to: 1 - type: integer 
	Parameter C_M_AXI_WRITE_ISSUING bound to: 128'b00000000000000000000000000000001000000000000000000000000000000010000000000000000000000000000000100000000000000000000000000000001 
	Parameter C_M_AXI_READ_ISSUING bound to: 128'b00000000000000000000000000000001000000000000000000000000000000010000000000000000000000000000000100000000000000000000000000000001 
	Parameter C_S_AXI_ARB_PRIORITY bound to: 0 - type: integer 
	Parameter C_M_AXI_SECURE bound to: 128'b00000000000000000000000000000000000000000000000000000000000000000000000000000000000000000000000000000000000000000000000000000000 
	Parameter C_CONNECTIVITY_MODE bound to: 0 - type: integer 
	Parameter P_ONES bound to: 65'b11111111111111111111111111111111111111111111111111111111111111111 
	Parameter P_S_AXI_BASE_ID bound to: 64'b0000000000000000000000000000000000000000000000000000000000000000 
	Parameter P_S_AXI_HIGH_ID bound to: 64'b0000000000000000000000000000000000000000000000000000111111111111 
	Parameter P_AXI4 bound to: 0 - type: integer 
	Parameter P_AXI3 bound to: 1 - type: integer 
	Parameter P_AXILITE bound to: 2 - type: integer 
	Parameter P_AXILITE_SIZE bound to: 3'b010 
	Parameter P_INCR bound to: 2'b01 
	Parameter P_M_AXI_SUPPORTS_WRITE bound to: 4'b1111 
	Parameter P_M_AXI_SUPPORTS_READ bound to: 4'b1111 
	Parameter P_S_AXI_SUPPORTS_WRITE bound to: 1'b1 
	Parameter P_S_AXI_SUPPORTS_READ bound to: 1'b1 
	Parameter C_DEBUG bound to: 1 - type: integer 
	Parameter P_RANGE_CHECK bound to: 1 - type: integer 
	Parameter P_ADDR_DECODE bound to: 1 - type: integer 
	Parameter P_M_AXI_ERR_MODE bound to: 128'b00000000000000000000000000000000000000000000000000000000000000000000000000000000000000000000000000000000000000000000000000000000 
	Parameter P_LEN bound to: 8 - type: integer 
	Parameter P_LOCK bound to: 1 - type: integer 
	Parameter P_FAMILY bound to: zynq - type: string 
INFO: [Synth 8-6157] synthesizing module 'axi_crossbar_v2_1_17_crossbar_sasd' [c:/xup/embedded/2018_1_zynq_labs/lab_3/lab_3.srcs/sources_1/bd/system/ipshared/d293/hdl/axi_crossbar_v2_1_vl_rfs.v:1240]
	Parameter C_FAMILY bound to: zynq - type: string 
	Parameter C_NUM_SLAVE_SLOTS bound to: 1 - type: integer 
	Parameter C_NUM_MASTER_SLOTS bound to: 4 - type: integer 
	Parameter C_NUM_ADDR_RANGES bound to: 1 - type: integer 
	Parameter C_AXI_ID_WIDTH bound to: 12 - type: integer 
	Parameter C_AXI_ADDR_WIDTH bound to: 32 - type: integer 
	Parameter C_AXI_DATA_WIDTH bound to: 32 - type: integer 
	Parameter C_AXI_PROTOCOL bound to: 0 - type: integer 
	Parameter C_M_AXI_BASE_ADDR bound to: 256'b0000000000000000000000000000000001000000000000000000000000000000000000000000000000000000000000000100001111000000000000000000000000000000000000000000000000000000010000010010000100000000000000000000000000000000000000000000000001000001001000000000000000000000 
	Parameter C_M_AXI_HIGH_ADDR bound to: 256'b0000000000000000000000000000000001000000000000000001111111111111000000000000000000000000000000000100001111000000111111111111111100000000000000000000000000000000010000010010000111111111111111110000000000000000000000000000000001000001001000001111111111111111 
	Parameter C_S_AXI_BASE_ID bound to: 64'b0000000000000000000000000000000000000000000000000000000000000000 
	Parameter C_S_AXI_HIGH_ID bound to: 64'b0000000000000000000000000000000000000000000000000000111111111111 
	Parameter C_AXI_SUPPORTS_USER_SIGNALS bound to: 0 - type: integer 
	Parameter C_AXI_AWUSER_WIDTH bound to: 1 - type: integer 
	Parameter C_AXI_ARUSER_WIDTH bound to: 1 - type: integer 
	Parameter C_AXI_WUSER_WIDTH bound to: 1 - type: integer 
	Parameter C_AXI_RUSER_WIDTH bound to: 1 - type: integer 
	Parameter C_AXI_BUSER_WIDTH bound to: 1 - type: integer 
	Parameter C_S_AXI_SUPPORTS_WRITE bound to: 1'b1 
	Parameter C_S_AXI_SUPPORTS_READ bound to: 1'b1 
	Parameter C_M_AXI_SUPPORTS_WRITE bound to: 4'b1111 
	Parameter C_M_AXI_SUPPORTS_READ bound to: 4'b1111 
	Parameter C_S_AXI_ARB_PRIORITY bound to: 0 - type: integer 
	Parameter C_M_AXI_SECURE bound to: 128'b00000000000000000000000000000000000000000000000000000000000000000000000000000000000000000000000000000000000000000000000000000000 
	Parameter C_M_AXI_ERR_MODE bound to: 128'b00000000000000000000000000000000000000000000000000000000000000000000000000000000000000000000000000000000000000000000000000000000 
	Parameter C_R_REGISTER bound to: 1 - type: integer 
	Parameter C_RANGE_CHECK bound to: 1 - type: integer 
	Parameter C_ADDR_DECODE bound to: 1 - type: integer 
	Parameter C_DEBUG bound to: 1 - type: integer 
	Parameter P_AXI4 bound to: 0 - type: integer 
	Parameter P_AXI3 bound to: 1 - type: integer 
	Parameter P_AXILITE bound to: 2 - type: integer 
	Parameter P_NUM_MASTER_SLOTS_DE bound to: 5 - type: integer 
	Parameter P_NUM_MASTER_SLOTS_LOG bound to: 2 - type: integer 
	Parameter P_NUM_MASTER_SLOTS_DE_LOG bound to: 3 - type: integer 
	Parameter P_NUM_SLAVE_SLOTS_LOG bound to: 1 - type: integer 
	Parameter P_AXI_AUSER_WIDTH bound to: 1 - type: integer 
	Parameter P_AXI_WID_WIDTH bound to: 1 - type: integer 
	Parameter P_AMESG_WIDTH bound to: 75 - type: integer 
	Parameter P_BMESG_WIDTH bound to: 3 - type: integer 
	Parameter P_RMESG_WIDTH bound to: 36 - type: integer 
	Parameter P_WMESG_WIDTH bound to: 39 - type: integer 
	Parameter P_AXILITE_ERRMODE bound to: 1 - type: integer 
	Parameter P_NONSECURE_BIT bound to: 1 - type: integer 
	Parameter P_M_SECURE_MASK bound to: 4'b0000 
	Parameter P_M_AXILITE_MASK bound to: 4'b0000 
	Parameter P_FIXED bound to: 2'b00 
	Parameter P_BYPASS bound to: 0 - type: integer 
	Parameter P_LIGHTWT bound to: 7 - type: integer 
	Parameter P_FULLY_REG bound to: 1 - type: integer 
	Parameter P_R_REG_CONFIG bound to: 1 - type: integer 
	Parameter P_DECERR bound to: 2'b11 
INFO: [Synth 8-6157] synthesizing module 'axi_crossbar_v2_1_17_addr_decoder' [c:/xup/embedded/2018_1_zynq_labs/lab_3/lab_3.srcs/sources_1/bd/system/ipshared/d293/hdl/axi_crossbar_v2_1_vl_rfs.v:794]
	Parameter C_FAMILY bound to: zynq - type: string 
	Parameter C_NUM_TARGETS bound to: 4 - type: integer 
	Parameter C_NUM_TARGETS_LOG bound to: 2 - type: integer 
	Parameter C_NUM_RANGES bound to: 1 - type: integer 
	Parameter C_ADDR_WIDTH bound to: 32 - type: integer 
	Parameter C_TARGET_ENC bound to: 1 - type: integer 
	Parameter C_TARGET_HOT bound to: 1 - type: integer 
	Parameter C_REGION_ENC bound to: 1 - type: integer 
	Parameter C_BASE_ADDR bound to: 256'b0000000000000000000000000000000001000000000000000000000000000000000000000000000000000000000000000100001111000000000000000000000000000000000000000000000000000000010000010010000100000000000000000000000000000000000000000000000001000001001000000000000000000000 
	Parameter C_HIGH_ADDR bound to: 256'b0000000000000000000000000000000001000000000000000001111111111111000000000000000000000000000000000100001111000000111111111111111100000000000000000000000000000000010000010010000111111111111111110000000000000000000000000000000001000001001000001111111111111111 
	Parameter C_TARGET_QUAL bound to: 5'b01111 
	Parameter C_RESOLUTION bound to: 2 - type: integer 
	Parameter C_COMPARATOR_THRESHOLD bound to: 6 - type: integer 
INFO: [Synth 8-6157] synthesizing module 'generic_baseblocks_v2_1_0_comparator_static' [c:/xup/embedded/2018_1_zynq_labs/lab_3/lab_3.srcs/sources_1/bd/system/ipshared/b752/hdl/generic_baseblocks_v2_1_vl_rfs.v:2133]
	Parameter C_FAMILY bound to: rtl - type: string 
	Parameter C_VALUE bound to: 30'b010000010010000000000000000000 
	Parameter C_DATA_WIDTH bound to: 30 - type: integer 
	Parameter C_BITS_PER_LUT bound to: 6 - type: integer 
	Parameter C_NUM_LUT bound to: 5 - type: integer 
	Parameter C_FIX_DATA_WIDTH bound to: 30 - type: integer 
INFO: [Synth 8-6157] synthesizing module 'generic_baseblocks_v2_1_0_carry_and' [c:/xup/embedded/2018_1_zynq_labs/lab_3/lab_3.srcs/sources_1/bd/system/ipshared/b752/hdl/generic_baseblocks_v2_1_vl_rfs.v:62]
	Parameter C_FAMILY bound to: rtl - type: string 
INFO: [Synth 8-6155] done synthesizing module 'generic_baseblocks_v2_1_0_carry_and' (1#1) [c:/xup/embedded/2018_1_zynq_labs/lab_3/lab_3.srcs/sources_1/bd/system/ipshared/b752/hdl/generic_baseblocks_v2_1_vl_rfs.v:62]
INFO: [Synth 8-6155] done synthesizing module 'generic_baseblocks_v2_1_0_comparator_static' (2#1) [c:/xup/embedded/2018_1_zynq_labs/lab_3/lab_3.srcs/sources_1/bd/system/ipshared/b752/hdl/generic_baseblocks_v2_1_vl_rfs.v:2133]
INFO: [Synth 8-6157] synthesizing module 'generic_baseblocks_v2_1_0_comparator_static__parameterized0' [c:/xup/embedded/2018_1_zynq_labs/lab_3/lab_3.srcs/sources_1/bd/system/ipshared/b752/hdl/generic_baseblocks_v2_1_vl_rfs.v:2133]
	Parameter C_FAMILY bound to: rtl - type: string 
	Parameter C_VALUE bound to: 30'b010000010010000100000000000000 
	Parameter C_DATA_WIDTH bound to: 30 - type: integer 
	Parameter C_BITS_PER_LUT bound to: 6 - type: integer 
	Parameter C_NUM_LUT bound to: 5 - type: integer 
	Parameter C_FIX_DATA_WIDTH bound to: 30 - type: integer 
INFO: [Synth 8-6155] done synthesizing module 'generic_baseblocks_v2_1_0_comparator_static__parameterized0' (2#1) [c:/xup/embedded/2018_1_zynq_labs/lab_3/lab_3.srcs/sources_1/bd/system/ipshared/b752/hdl/generic_baseblocks_v2_1_vl_rfs.v:2133]
INFO: [Synth 8-6157] synthesizing module 'generic_baseblocks_v2_1_0_comparator_static__parameterized1' [c:/xup/embedded/2018_1_zynq_labs/lab_3/lab_3.srcs/sources_1/bd/system/ipshared/b752/hdl/generic_baseblocks_v2_1_vl_rfs.v:2133]
	Parameter C_FAMILY bound to: rtl - type: string 
	Parameter C_VALUE bound to: 30'b010000111100000000000000000000 
	Parameter C_DATA_WIDTH bound to: 30 - type: integer 
	Parameter C_BITS_PER_LUT bound to: 6 - type: integer 
	Parameter C_NUM_LUT bound to: 5 - type: integer 
	Parameter C_FIX_DATA_WIDTH bound to: 30 - type: integer 
INFO: [Synth 8-6155] done synthesizing module 'generic_baseblocks_v2_1_0_comparator_static__parameterized1' (2#1) [c:/xup/embedded/2018_1_zynq_labs/lab_3/lab_3.srcs/sources_1/bd/system/ipshared/b752/hdl/generic_baseblocks_v2_1_vl_rfs.v:2133]
INFO: [Synth 8-6157] synthesizing module 'generic_baseblocks_v2_1_0_comparator_static__parameterized2' [c:/xup/embedded/2018_1_zynq_labs/lab_3/lab_3.srcs/sources_1/bd/system/ipshared/b752/hdl/generic_baseblocks_v2_1_vl_rfs.v:2133]
	Parameter C_FAMILY bound to: rtl - type: string 
	Parameter C_VALUE bound to: 30'b010000000000000000000000000000 
	Parameter C_DATA_WIDTH bound to: 30 - type: integer 
	Parameter C_BITS_PER_LUT bound to: 6 - type: integer 
	Parameter C_NUM_LUT bound to: 5 - type: integer 
	Parameter C_FIX_DATA_WIDTH bound to: 30 - type: integer 
INFO: [Synth 8-6155] done synthesizing module 'generic_baseblocks_v2_1_0_comparator_static__parameterized2' (2#1) [c:/xup/embedded/2018_1_zynq_labs/lab_3/lab_3.srcs/sources_1/bd/system/ipshared/b752/hdl/generic_baseblocks_v2_1_vl_rfs.v:2133]
INFO: [Synth 8-6155] done synthesizing module 'axi_crossbar_v2_1_17_addr_decoder' (3#1) [c:/xup/embedded/2018_1_zynq_labs/lab_3/lab_3.srcs/sources_1/bd/system/ipshared/d293/hdl/axi_crossbar_v2_1_vl_rfs.v:794]
INFO: [Synth 8-6157] synthesizing module 'axi_crossbar_v2_1_17_decerr_slave' [c:/xup/embedded/2018_1_zynq_labs/lab_3/lab_3.srcs/sources_1/bd/system/ipshared/d293/hdl/axi_crossbar_v2_1_vl_rfs.v:3500]
	Parameter C_AXI_ID_WIDTH bound to: 1 - type: integer 
	Parameter C_AXI_DATA_WIDTH bound to: 32 - type: integer 
	Parameter C_AXI_BUSER_WIDTH bound to: 1 - type: integer 
	Parameter C_AXI_RUSER_WIDTH bound to: 1 - type: integer 
	Parameter C_AXI_PROTOCOL bound to: 0 - type: integer 
	Parameter C_RESP bound to: 3 - type: integer 
	Parameter P_WRITE_IDLE bound to: 2'b00 
	Parameter P_WRITE_DATA bound to: 2'b01 
	Parameter P_WRITE_RESP bound to: 2'b10 
	Parameter P_READ_IDLE bound to: 1'b0 
	Parameter P_READ_DATA bound to: 1'b1 
	Parameter P_AXI4 bound to: 0 - type: integer 
	Parameter P_AXI3 bound to: 1 - type: integer 
	Parameter P_AXILITE bound to: 2 - type: integer 
INFO: [Synth 8-155] case statement is not full and has no default [c:/xup/embedded/2018_1_zynq_labs/lab_3/lab_3.srcs/sources_1/bd/system/ipshared/d293/hdl/axi_crossbar_v2_1_vl_rfs.v:3631]
INFO: [Synth 8-6155] done synthesizing module 'axi_crossbar_v2_1_17_decerr_slave' (4#1) [c:/xup/embedded/2018_1_zynq_labs/lab_3/lab_3.srcs/sources_1/bd/system/ipshared/d293/hdl/axi_crossbar_v2_1_vl_rfs.v:3500]
INFO: [Synth 8-6157] synthesizing module 'axi_crossbar_v2_1_17_addr_arbiter_sasd' [c:/xup/embedded/2018_1_zynq_labs/lab_3/lab_3.srcs/sources_1/bd/system/ipshared/d293/hdl/axi_crossbar_v2_1_vl_rfs.v:65]
	Parameter C_FAMILY bound to: zynq - type: string 
	Parameter C_NUM_S bound to: 1 - type: integer 
	Parameter C_NUM_S_LOG bound to: 1 - type: integer 
	Parameter C_AMESG_WIDTH bound to: 75 - type: integer 
	Parameter C_GRANT_ENC bound to: 1 - type: integer 
	Parameter C_ARB_PRIORITY bound to: 0 - type: integer 
	Parameter P_PRIO_MASK bound to: 1'b0 
INFO: [Synth 8-6155] done synthesizing module 'axi_crossbar_v2_1_17_addr_arbiter_sasd' (5#1) [c:/xup/embedded/2018_1_zynq_labs/lab_3/lab_3.srcs/sources_1/bd/system/ipshared/d293/hdl/axi_crossbar_v2_1_vl_rfs.v:65]
INFO: [Synth 8-6157] synthesizing module 'axi_crossbar_v2_1_17_splitter' [c:/xup/embedded/2018_1_zynq_labs/lab_3/lab_3.srcs/sources_1/bd/system/ipshared/d293/hdl/axi_crossbar_v2_1_vl_rfs.v:4459]
	Parameter C_NUM_M bound to: 3 - type: integer 
INFO: [Synth 8-6155] done synthesizing module 'axi_crossbar_v2_1_17_splitter' (6#1) [c:/xup/embedded/2018_1_zynq_labs/lab_3/lab_3.srcs/sources_1/bd/system/ipshared/d293/hdl/axi_crossbar_v2_1_vl_rfs.v:4459]
INFO: [Synth 8-6157] synthesizing module 'axi_crossbar_v2_1_17_splitter__parameterized0' [c:/xup/embedded/2018_1_zynq_labs/lab_3/lab_3.srcs/sources_1/bd/system/ipshared/d293/hdl/axi_crossbar_v2_1_vl_rfs.v:4459]
	Parameter C_NUM_M bound to: 2 - type: integer 
INFO: [Synth 8-6155] done synthesizing module 'axi_crossbar_v2_1_17_splitter__parameterized0' (6#1) [c:/xup/embedded/2018_1_zynq_labs/lab_3/lab_3.srcs/sources_1/bd/system/ipshared/d293/hdl/axi_crossbar_v2_1_vl_rfs.v:4459]
INFO: [Synth 8-6157] synthesizing module 'generic_baseblocks_v2_1_0_mux_enc' [c:/xup/embedded/2018_1_zynq_labs/lab_3/lab_3.srcs/sources_1/bd/system/ipshared/b752/hdl/generic_baseblocks_v2_1_vl_rfs.v:2452]
	Parameter C_FAMILY bound to: rtl - type: string 
	Parameter C_RATIO bound to: 5 - type: integer 
	Parameter C_SEL_WIDTH bound to: 3 - type: integer 
	Parameter C_DATA_WIDTH bound to: 1 - type: integer 
INFO: [Synth 8-6155] done synthesizing module 'generic_baseblocks_v2_1_0_mux_enc' (7#1) [c:/xup/embedded/2018_1_zynq_labs/lab_3/lab_3.srcs/sources_1/bd/system/ipshared/b752/hdl/generic_baseblocks_v2_1_vl_rfs.v:2452]
INFO: [Synth 8-6157] synthesizing module 'generic_baseblocks_v2_1_0_mux_enc__parameterized0' [c:/xup/embedded/2018_1_zynq_labs/lab_3/lab_3.srcs/sources_1/bd/system/ipshared/b752/hdl/generic_baseblocks_v2_1_vl_rfs.v:2452]
	Parameter C_FAMILY bound to: rtl - type: string 
	Parameter C_RATIO bound to: 1 - type: integer 
	Parameter C_SEL_WIDTH bound to: 1 - type: integer 
	Parameter C_DATA_WIDTH bound to: 1 - type: integer 
INFO: [Synth 8-6155] done synthesizing module 'generic_baseblocks_v2_1_0_mux_enc__parameterized0' (7#1) [c:/xup/embedded/2018_1_zynq_labs/lab_3/lab_3.srcs/sources_1/bd/system/ipshared/b752/hdl/generic_baseblocks_v2_1_vl_rfs.v:2452]
INFO: [Synth 8-6157] synthesizing module 'generic_baseblocks_v2_1_0_mux_enc__parameterized1' [c:/xup/embedded/2018_1_zynq_labs/lab_3/lab_3.srcs/sources_1/bd/system/ipshared/b752/hdl/generic_baseblocks_v2_1_vl_rfs.v:2452]
	Parameter C_FAMILY bound to: rtl - type: string 
	Parameter C_RATIO bound to: 5 - type: integer 
	Parameter C_SEL_WIDTH bound to: 3 - type: integer 
	Parameter C_DATA_WIDTH bound to: 36 - type: integer 
INFO: [Synth 8-6155] done synthesizing module 'generic_baseblocks_v2_1_0_mux_enc__parameterized1' (7#1) [c:/xup/embedded/2018_1_zynq_labs/lab_3/lab_3.srcs/sources_1/bd/system/ipshared/b752/hdl/generic_baseblocks_v2_1_vl_rfs.v:2452]
INFO: [Synth 8-6157] synthesizing module 'axi_register_slice_v2_1_16_axic_register_slice' [c:/xup/embedded/2018_1_zynq_labs/lab_3/lab_3.srcs/sources_1/bd/system/ipshared/0cde/hdl/axi_register_slice_v2_1_vl_rfs.v:189]
	Parameter C_FAMILY bound to: zynq - type: string 
	Parameter C_DATA_WIDTH bound to: 36 - type: integer 
	Parameter C_REG_CONFIG bound to: 1 - type: integer 
INFO: [Synth 8-6155] done synthesizing module 'axi_register_slice_v2_1_16_axic_register_slice' (8#1) [c:/xup/embedded/2018_1_zynq_labs/lab_3/lab_3.srcs/sources_1/bd/system/ipshared/0cde/hdl/axi_register_slice_v2_1_vl_rfs.v:189]
INFO: [Synth 8-6157] synthesizing module 'generic_baseblocks_v2_1_0_mux_enc__parameterized2' [c:/xup/embedded/2018_1_zynq_labs/lab_3/lab_3.srcs/sources_1/bd/system/ipshared/b752/hdl/generic_baseblocks_v2_1_vl_rfs.v:2452]
	Parameter C_FAMILY bound to: rtl - type: string 
	Parameter C_RATIO bound to: 5 - type: integer 
	Parameter C_SEL_WIDTH bound to: 3 - type: integer 
	Parameter C_DATA_WIDTH bound to: 3 - type: integer 
INFO: [Synth 8-6155] done synthesizing module 'generic_baseblocks_v2_1_0_mux_enc__parameterized2' (8#1) [c:/xup/embedded/2018_1_zynq_labs/lab_3/lab_3.srcs/sources_1/bd/system/ipshared/b752/hdl/generic_baseblocks_v2_1_vl_rfs.v:2452]
WARNING: [Synth 8-6014] Unused sequential element gen_debug_trans_seq.debug_aw_trans_seq_i_reg was removed.  [c:/xup/embedded/2018_1_zynq_labs/lab_3/lab_3.srcs/sources_1/bd/system/ipshared/d293/hdl/axi_crossbar_v2_1_vl_rfs.v:2056]
WARNING: [Synth 8-6014] Unused sequential element gen_debug_trans_seq.debug_ar_trans_seq_i_reg was removed.  [c:/xup/embedded/2018_1_zynq_labs/lab_3/lab_3.srcs/sources_1/bd/system/ipshared/d293/hdl/axi_crossbar_v2_1_vl_rfs.v:2067]
WARNING: [Synth 8-6014] Unused sequential element gen_debug_trans_seq.debug_w_beat_cnt_i_reg was removed.  [c:/xup/embedded/2018_1_zynq_labs/lab_3/lab_3.srcs/sources_1/bd/system/ipshared/d293/hdl/axi_crossbar_v2_1_vl_rfs.v:2078]
WARNING: [Synth 8-6014] Unused sequential element gen_debug_trans_seq.debug_r_beat_cnt_i_reg was removed.  [c:/xup/embedded/2018_1_zynq_labs/lab_3/lab_3.srcs/sources_1/bd/system/ipshared/d293/hdl/axi_crossbar_v2_1_vl_rfs.v:2091]
INFO: [Synth 8-6155] done synthesizing module 'axi_crossbar_v2_1_17_crossbar_sasd' (9#1) [c:/xup/embedded/2018_1_zynq_labs/lab_3/lab_3.srcs/sources_1/bd/system/ipshared/d293/hdl/axi_crossbar_v2_1_vl_rfs.v:1240]
INFO: [Synth 8-6155] done synthesizing module 'axi_crossbar_v2_1_17_axi_crossbar' (10#1) [c:/xup/embedded/2018_1_zynq_labs/lab_3/lab_3.srcs/sources_1/bd/system/ipshared/d293/hdl/axi_crossbar_v2_1_vl_rfs.v:4882]
INFO: [Synth 8-6155] done synthesizing module 'system_xbar_0' (11#1) [c:/xup/embedded/2018_1_zynq_labs/lab_3/lab_3.srcs/sources_1/bd/system/ip/system_xbar_0/synth/system_xbar_0.v:59]
WARNING: [Synth 8-3331] design generic_baseblocks_v2_1_0_mux_enc__parameterized0 has unconnected port S[0]
WARNING: [Synth 8-3331] design axi_crossbar_v2_1_17_addr_decoder has unconnected port ADDR[1]
WARNING: [Synth 8-3331] design axi_crossbar_v2_1_17_addr_decoder has unconnected port ADDR[0]
WARNING: [Synth 8-3331] design axi_crossbar_v2_1_17_crossbar_sasd has unconnected port M_AXI_BID[47]
WARNING: [Synth 8-3331] design axi_crossbar_v2_1_17_crossbar_sasd has unconnected port M_AXI_BID[46]
WARNING: [Synth 8-3331] design axi_crossbar_v2_1_17_crossbar_sasd has unconnected port M_AXI_BID[45]
WARNING: [Synth 8-3331] design axi_crossbar_v2_1_17_crossbar_sasd has unconnected port M_AXI_BID[44]
WARNING: [Synth 8-3331] design axi_crossbar_v2_1_17_crossbar_sasd has unconnected port M_AXI_BID[43]
WARNING: [Synth 8-3331] design axi_crossbar_v2_1_17_crossbar_sasd has unconnected port M_AXI_BID[42]
WARNING: [Synth 8-3331] design axi_crossbar_v2_1_17_crossbar_sasd has unconnected port M_AXI_BID[41]
WARNING: [Synth 8-3331] design axi_crossbar_v2_1_17_crossbar_sasd has unconnected port M_AXI_BID[40]
WARNING: [Synth 8-3331] design axi_crossbar_v2_1_17_crossbar_sasd has unconnected port M_AXI_BID[39]
WARNING: [Synth 8-3331] design axi_crossbar_v2_1_17_crossbar_sasd has unconnected port M_AXI_BID[38]
WARNING: [Synth 8-3331] design axi_crossbar_v2_1_17_crossbar_sasd has unconnected port M_AXI_BID[37]
WARNING: [Synth 8-3331] design axi_crossbar_v2_1_17_crossbar_sasd has unconnected port M_AXI_BID[36]
WARNING: [Synth 8-3331] design axi_crossbar_v2_1_17_crossbar_sasd has unconnected port M_AXI_BID[35]
WARNING: [Synth 8-3331] design axi_crossbar_v2_1_17_crossbar_sasd has unconnected port M_AXI_BID[34]
WARNING: [Synth 8-3331] design axi_crossbar_v2_1_17_crossbar_sasd has unconnected port M_AXI_BID[33]
WARNING: [Synth 8-3331] design axi_crossbar_v2_1_17_crossbar_sasd has unconnected port M_AXI_BID[32]
WARNING: [Synth 8-3331] design axi_crossbar_v2_1_17_crossbar_sasd has unconnected port M_AXI_BID[31]
WARNING: [Synth 8-3331] design axi_crossbar_v2_1_17_crossbar_sasd has unconnected port M_AXI_BID[30]
WARNING: [Synth 8-3331] design axi_crossbar_v2_1_17_crossbar_sasd has unconnected port M_AXI_BID[29]
WARNING: [Synth 8-3331] design axi_crossbar_v2_1_17_crossbar_sasd has unconnected port M_AXI_BID[28]
WARNING: [Synth 8-3331] design axi_crossbar_v2_1_17_crossbar_sasd has unconnected port M_AXI_BID[27]
WARNING: [Synth 8-3331] design axi_crossbar_v2_1_17_crossbar_sasd has unconnected port M_AXI_BID[26]
WARNING: [Synth 8-3331] design axi_crossbar_v2_1_17_crossbar_sasd has unconnected port M_AXI_BID[25]
WARNING: [Synth 8-3331] design axi_crossbar_v2_1_17_crossbar_sasd has unconnected port M_AXI_BID[24]
WARNING: [Synth 8-3331] design axi_crossbar_v2_1_17_crossbar_sasd has unconnected port M_AXI_BID[23]
WARNING: [Synth 8-3331] design axi_crossbar_v2_1_17_crossbar_sasd has unconnected port M_AXI_BID[22]
WARNING: [Synth 8-3331] design axi_crossbar_v2_1_17_crossbar_sasd has unconnected port M_AXI_BID[21]
WARNING: [Synth 8-3331] design axi_crossbar_v2_1_17_crossbar_sasd has unconnected port M_AXI_BID[20]
WARNING: [Synth 8-3331] design axi_crossbar_v2_1_17_crossbar_sasd has unconnected port M_AXI_BID[19]
WARNING: [Synth 8-3331] design axi_crossbar_v2_1_17_crossbar_sasd has unconnected port M_AXI_BID[18]
WARNING: [Synth 8-3331] design axi_crossbar_v2_1_17_crossbar_sasd has unconnected port M_AXI_BID[17]
WARNING: [Synth 8-3331] design axi_crossbar_v2_1_17_crossbar_sasd has unconnected port M_AXI_BID[16]
WARNING: [Synth 8-3331] design axi_crossbar_v2_1_17_crossbar_sasd has unconnected port M_AXI_BID[15]
WARNING: [Synth 8-3331] design axi_crossbar_v2_1_17_crossbar_sasd has unconnected port M_AXI_BID[14]
WARNING: [Synth 8-3331] design axi_crossbar_v2_1_17_crossbar_sasd has unconnected port M_AXI_BID[13]
WARNING: [Synth 8-3331] design axi_crossbar_v2_1_17_crossbar_sasd has unconnected port M_AXI_BID[12]
WARNING: [Synth 8-3331] design axi_crossbar_v2_1_17_crossbar_sasd has unconnected port M_AXI_BID[11]
WARNING: [Synth 8-3331] design axi_crossbar_v2_1_17_crossbar_sasd has unconnected port M_AXI_BID[10]
WARNING: [Synth 8-3331] design axi_crossbar_v2_1_17_crossbar_sasd has unconnected port M_AXI_BID[9]
WARNING: [Synth 8-3331] design axi_crossbar_v2_1_17_crossbar_sasd has unconnected port M_AXI_BID[8]
WARNING: [Synth 8-3331] design axi_crossbar_v2_1_17_crossbar_sasd has unconnected port M_AXI_BID[7]
WARNING: [Synth 8-3331] design axi_crossbar_v2_1_17_crossbar_sasd has unconnected port M_AXI_BID[6]
WARNING: [Synth 8-3331] design axi_crossbar_v2_1_17_crossbar_sasd has unconnected port M_AXI_BID[5]
WARNING: [Synth 8-3331] design axi_crossbar_v2_1_17_crossbar_sasd has unconnected port M_AXI_BID[4]
WARNING: [Synth 8-3331] design axi_crossbar_v2_1_17_crossbar_sasd has unconnected port M_AXI_BID[3]
WARNING: [Synth 8-3331] design axi_crossbar_v2_1_17_crossbar_sasd has unconnected port M_AXI_BID[2]
WARNING: [Synth 8-3331] design axi_crossbar_v2_1_17_crossbar_sasd has unconnected port M_AXI_BID[1]
WARNING: [Synth 8-3331] design axi_crossbar_v2_1_17_crossbar_sasd has unconnected port M_AXI_BID[0]
WARNING: [Synth 8-3331] design axi_crossbar_v2_1_17_crossbar_sasd has unconnected port M_AXI_RID[47]
WARNING: [Synth 8-3331] design axi_crossbar_v2_1_17_crossbar_sasd has unconnected port M_AXI_RID[46]
WARNING: [Synth 8-3331] design axi_crossbar_v2_1_17_crossbar_sasd has unconnected port M_AXI_RID[45]
WARNING: [Synth 8-3331] design axi_crossbar_v2_1_17_crossbar_sasd has unconnected port M_AXI_RID[44]
WARNING: [Synth 8-3331] design axi_crossbar_v2_1_17_crossbar_sasd has unconnected port M_AXI_RID[43]
WARNING: [Synth 8-3331] design axi_crossbar_v2_1_17_crossbar_sasd has unconnected port M_AXI_RID[42]
WARNING: [Synth 8-3331] design axi_crossbar_v2_1_17_crossbar_sasd has unconnected port M_AXI_RID[41]
WARNING: [Synth 8-3331] design axi_crossbar_v2_1_17_crossbar_sasd has unconnected port M_AXI_RID[40]
WARNING: [Synth 8-3331] design axi_crossbar_v2_1_17_crossbar_sasd has unconnected port M_AXI_RID[39]
WARNING: [Synth 8-3331] design axi_crossbar_v2_1_17_crossbar_sasd has unconnected port M_AXI_RID[38]
WARNING: [Synth 8-3331] design axi_crossbar_v2_1_17_crossbar_sasd has unconnected port M_AXI_RID[37]
WARNING: [Synth 8-3331] design axi_crossbar_v2_1_17_crossbar_sasd has unconnected port M_AXI_RID[36]
WARNING: [Synth 8-3331] design axi_crossbar_v2_1_17_crossbar_sasd has unconnected port M_AXI_RID[35]
WARNING: [Synth 8-3331] design axi_crossbar_v2_1_17_crossbar_sasd has unconnected port M_AXI_RID[34]
WARNING: [Synth 8-3331] design axi_crossbar_v2_1_17_crossbar_sasd has unconnected port M_AXI_RID[33]
WARNING: [Synth 8-3331] design axi_crossbar_v2_1_17_crossbar_sasd has unconnected port M_AXI_RID[32]
WARNING: [Synth 8-3331] design axi_crossbar_v2_1_17_crossbar_sasd has unconnected port M_AXI_RID[31]
WARNING: [Synth 8-3331] design axi_crossbar_v2_1_17_crossbar_sasd has unconnected port M_AXI_RID[30]
WARNING: [Synth 8-3331] design axi_crossbar_v2_1_17_crossbar_sasd has unconnected port M_AXI_RID[29]
WARNING: [Synth 8-3331] design axi_crossbar_v2_1_17_crossbar_sasd has unconnected port M_AXI_RID[28]
WARNING: [Synth 8-3331] design axi_crossbar_v2_1_17_crossbar_sasd has unconnected port M_AXI_RID[27]
WARNING: [Synth 8-3331] design axi_crossbar_v2_1_17_crossbar_sasd has unconnected port M_AXI_RID[26]
WARNING: [Synth 8-3331] design axi_crossbar_v2_1_17_crossbar_sasd has unconnected port M_AXI_RID[25]
WARNING: [Synth 8-3331] design axi_crossbar_v2_1_17_crossbar_sasd has unconnected port M_AXI_RID[24]
WARNING: [Synth 8-3331] design axi_crossbar_v2_1_17_crossbar_sasd has unconnected port M_AXI_RID[23]
WARNING: [Synth 8-3331] design axi_crossbar_v2_1_17_crossbar_sasd has unconnected port M_AXI_RID[22]
WARNING: [Synth 8-3331] design axi_crossbar_v2_1_17_crossbar_sasd has unconnected port M_AXI_RID[21]
WARNING: [Synth 8-3331] design axi_crossbar_v2_1_17_crossbar_sasd has unconnected port M_AXI_RID[20]
WARNING: [Synth 8-3331] design axi_crossbar_v2_1_17_crossbar_sasd has unconnected port M_AXI_RID[19]
WARNING: [Synth 8-3331] design axi_crossbar_v2_1_17_crossbar_sasd has unconnected port M_AXI_RID[18]
WARNING: [Synth 8-3331] design axi_crossbar_v2_1_17_crossbar_sasd has unconnected port M_AXI_RID[17]
WARNING: [Synth 8-3331] design axi_crossbar_v2_1_17_crossbar_sasd has unconnected port M_AXI_RID[16]
WARNING: [Synth 8-3331] design axi_crossbar_v2_1_17_crossbar_sasd has unconnected port M_AXI_RID[15]
WARNING: [Synth 8-3331] design axi_crossbar_v2_1_17_crossbar_sasd has unconnected port M_AXI_RID[14]
WARNING: [Synth 8-3331] design axi_crossbar_v2_1_17_crossbar_sasd has unconnected port M_AXI_RID[13]
WARNING: [Synth 8-3331] design axi_crossbar_v2_1_17_crossbar_sasd has unconnected port M_AXI_RID[12]
WARNING: [Synth 8-3331] design axi_crossbar_v2_1_17_crossbar_sasd has unconnected port M_AXI_RID[11]
WARNING: [Synth 8-3331] design axi_crossbar_v2_1_17_crossbar_sasd has unconnected port M_AXI_RID[10]
WARNING: [Synth 8-3331] design axi_crossbar_v2_1_17_crossbar_sasd has unconnected port M_AXI_RID[9]
WARNING: [Synth 8-3331] design axi_crossbar_v2_1_17_crossbar_sasd has unconnected port M_AXI_RID[8]
WARNING: [Synth 8-3331] design axi_crossbar_v2_1_17_crossbar_sasd has unconnected port M_AXI_RID[7]
WARNING: [Synth 8-3331] design axi_crossbar_v2_1_17_crossbar_sasd has unconnected port M_AXI_RID[6]
WARNING: [Synth 8-3331] design axi_crossbar_v2_1_17_crossbar_sasd has unconnected port M_AXI_RID[5]
WARNING: [Synth 8-3331] design axi_crossbar_v2_1_17_crossbar_sasd has unconnected port M_AXI_RID[4]
WARNING: [Synth 8-3331] design axi_crossbar_v2_1_17_crossbar_sasd has unconnected port M_AXI_RID[3]
WARNING: [Synth 8-3331] design axi_crossbar_v2_1_17_crossbar_sasd has unconnected port M_AXI_RID[2]
WARNING: [Synth 8-3331] design axi_crossbar_v2_1_17_crossbar_sasd has unconnected port M_AXI_RID[1]
WARNING: [Synth 8-3331] design axi_crossbar_v2_1_17_crossbar_sasd has unconnected port M_AXI_RID[0]
WARNING: [Synth 8-3331] design axi_crossbar_v2_1_17_axi_crossbar has unconnected port s_axi_awuser[0]
INFO: [Common 17-14] Message 'Synth 8-3331' appears 100 times and further instances of the messages will be disabled. Use the Tcl command set_msg_config to change the current settings.
---------------------------------------------------------------------------------
Finished RTL Elaboration : Time (s): cpu = 00:00:39 ; elapsed = 00:00:53 . Memory (MB): peak = 626.008 ; gain = 257.391
---------------------------------------------------------------------------------

Report Check Netlist: 
+------+------------------+-------+---------+-------+------------------+
|      |Item              |Errors |Warnings |Status |Description       |
+------+------------------+-------+---------+-------+------------------+
|1     |multi_driven_nets |      0|        0|Passed |Multi driven nets |
+------+------------------+-------+---------+-------+------------------+
---------------------------------------------------------------------------------
Start Handling Custom Attributes
---------------------------------------------------------------------------------
---------------------------------------------------------------------------------
Finished Handling Custom Attributes : Time (s): cpu = 00:00:39 ; elapsed = 00:00:53 . Memory (MB): peak = 626.008 ; gain = 257.391
---------------------------------------------------------------------------------
---------------------------------------------------------------------------------
Finished RTL Optimization Phase 1 : Time (s): cpu = 00:00:39 ; elapsed = 00:00:53 . Memory (MB): peak = 626.008 ; gain = 257.391
---------------------------------------------------------------------------------
INFO: [Device 21-403] Loading part xc7z020clg400-1
INFO: [Project 1-570] Preparing netlist for logic optimization

Processing XDC Constraints
Initializing timing engine
Parsing XDC File [c:/xup/embedded/2018_1_zynq_labs/lab_3/lab_3.srcs/sources_1/bd/system/ip/system_xbar_0/system_xbar_0_ooc.xdc] for cell 'inst'
Finished Parsing XDC File [c:/xup/embedded/2018_1_zynq_labs/lab_3/lab_3.srcs/sources_1/bd/system/ip/system_xbar_0/system_xbar_0_ooc.xdc] for cell 'inst'
Parsing XDC File [C:/xup/embedded/2018_1_zynq_labs/lab_3/lab_3.runs/system_xbar_0_synth_1/dont_touch.xdc]
Finished Parsing XDC File [C:/xup/embedded/2018_1_zynq_labs/lab_3/lab_3.runs/system_xbar_0_synth_1/dont_touch.xdc]
Completed Processing XDC Constraints

INFO: [Project 1-111] Unisim Transformation Summary:
No Unisim elements were transformed.

Constraint Validation Runtime : Time (s): cpu = 00:00:00 ; elapsed = 00:00:00.116 . Memory (MB): peak = 890.621 ; gain = 1.500
---------------------------------------------------------------------------------
Finished Constraint Validation : Time (s): cpu = 00:01:08 ; elapsed = 00:01:29 . Memory (MB): peak = 890.621 ; gain = 522.004
---------------------------------------------------------------------------------
---------------------------------------------------------------------------------
Start Loading Part and Timing Information
---------------------------------------------------------------------------------
Loading part: xc7z020clg400-1
---------------------------------------------------------------------------------
Finished Loading Part and Timing Information : Time (s): cpu = 00:01:08 ; elapsed = 00:01:29 . Memory (MB): peak = 890.621 ; gain = 522.004
---------------------------------------------------------------------------------
---------------------------------------------------------------------------------
Start Applying 'set_property' XDC Constraints
---------------------------------------------------------------------------------
Applied set_property DONT_TOUCH = true for inst. (constraint file  C:/xup/embedded/2018_1_zynq_labs/lab_3/lab_3.runs/system_xbar_0_synth_1/dont_touch.xdc, line 9).
---------------------------------------------------------------------------------
Finished applying 'set_property' XDC Constraints : Time (s): cpu = 00:01:08 ; elapsed = 00:01:29 . Memory (MB): peak = 890.621 ; gain = 522.004
---------------------------------------------------------------------------------
INFO: [Synth 8-4471] merging register 'gen_axi.s_axi_rvalid_i_reg' into 'gen_axi.read_cs_reg[0:0]' [c:/xup/embedded/2018_1_zynq_labs/lab_3/lab_3.srcs/sources_1/bd/system/ipshared/d293/hdl/axi_crossbar_v2_1_vl_rfs.v:3667]
WARNING: [Synth 8-6014] Unused sequential element gen_axi.s_axi_rvalid_i_reg was removed.  [c:/xup/embedded/2018_1_zynq_labs/lab_3/lab_3.srcs/sources_1/bd/system/ipshared/d293/hdl/axi_crossbar_v2_1_vl_rfs.v:3667]
INFO: [Synth 8-802] inferred FSM for state register 'gen_axi.write_cs_reg' in module 'axi_crossbar_v2_1_17_decerr_slave'
INFO: [Synth 8-5546] ROM "gen_axi.read_cs" won't be mapped to RAM because it is too sparse
INFO: [Synth 8-5546] ROM "gen_axi.s_axi_rlast_i" won't be mapped to RAM because it is too sparse
INFO: [Synth 8-5546] ROM "gen_axi.s_axi_rlast_i" won't be mapped to RAM because it is too sparse
INFO: [Synth 8-5544] ROM "f_mux_return4" won't be mapped to Block RAM because address size (3) smaller than threshold (5)
INFO: [Synth 8-5544] ROM "f_mux_return4" won't be mapped to Block RAM because address size (3) smaller than threshold (5)
INFO: [Synth 8-5544] ROM "f_mux_return3" won't be mapped to Block RAM because address size (3) smaller than threshold (5)
INFO: [Synth 8-5544] ROM "f_mux_return2" won't be mapped to Block RAM because address size (3) smaller than threshold (5)
INFO: [Synth 8-5544] ROM "f_mux_return1" won't be mapped to Block RAM because address size (3) smaller than threshold (5)
INFO: [Synth 8-5544] ROM "f_mux_return4" won't be mapped to Block RAM because address size (3) smaller than threshold (5)
INFO: [Synth 8-5544] ROM "f_mux_return4" won't be mapped to Block RAM because address size (3) smaller than threshold (5)
INFO: [Synth 8-5544] ROM "f_mux_return3" won't be mapped to Block RAM because address size (3) smaller than threshold (5)
INFO: [Synth 8-5544] ROM "f_mux_return2" won't be mapped to Block RAM because address size (3) smaller than threshold (5)
INFO: [Synth 8-5544] ROM "f_mux_return1" won't be mapped to Block RAM because address size (3) smaller than threshold (5)
INFO: [Synth 8-5544] ROM "f_mux_return4" won't be mapped to Block RAM because address size (3) smaller than threshold (5)
INFO: [Synth 8-5544] ROM "f_mux_return4" won't be mapped to Block RAM because address size (3) smaller than threshold (5)
INFO: [Synth 8-5544] ROM "f_mux_return3" won't be mapped to Block RAM because address size (3) smaller than threshold (5)
INFO: [Synth 8-5544] ROM "f_mux_return2" won't be mapped to Block RAM because address size (3) smaller than threshold (5)
INFO: [Synth 8-5544] ROM "f_mux_return1" won't be mapped to Block RAM because address size (3) smaller than threshold (5)
---------------------------------------------------------------------------------------------------
                   State |                     New Encoding |                Previous Encoding 
---------------------------------------------------------------------------------------------------
            P_WRITE_IDLE |                              001 |                               00
            P_WRITE_DATA |                              010 |                               01
            P_WRITE_RESP |                              100 |                               10
---------------------------------------------------------------------------------------------------
INFO: [Synth 8-3354] encoded FSM with state register 'gen_axi.write_cs_reg' using encoding 'one-hot' in module 'axi_crossbar_v2_1_17_decerr_slave'
---------------------------------------------------------------------------------
Finished RTL Optimization Phase 2 : Time (s): cpu = 00:01:09 ; elapsed = 00:01:30 . Memory (MB): peak = 890.621 ; gain = 522.004
---------------------------------------------------------------------------------

Report RTL Partitions: 
+-+--------------+------------+----------+
| |RTL Partition |Replication |Instances |
+-+--------------+------------+----------+
+-+--------------+------------+----------+
---------------------------------------------------------------------------------
Start RTL Component Statistics 
---------------------------------------------------------------------------------
Detailed RTL Component Info : 
+---Adders : 
	   2 Input      8 Bit       Adders := 1     
+---Registers : 
	               75 Bit    Registers := 1     
	               36 Bit    Registers := 2     
	                8 Bit    Registers := 1     
	                5 Bit    Registers := 1     
	                3 Bit    Registers := 2     
	                2 Bit    Registers := 2     
	                1 Bit    Registers := 18    
+---Muxes : 
	   2 Input     75 Bit        Muxes := 1     
	   2 Input     36 Bit        Muxes := 2     
	   2 Input      8 Bit        Muxes := 1     
	   2 Input      5 Bit        Muxes := 1     
	   2 Input      4 Bit        Muxes := 1     
	   2 Input      3 Bit        Muxes := 1     
	   2 Input      2 Bit        Muxes := 1     
	   3 Input      1 Bit        Muxes := 9     
	   2 Input      1 Bit        Muxes := 51    
---------------------------------------------------------------------------------
Finished RTL Component Statistics 
---------------------------------------------------------------------------------
---------------------------------------------------------------------------------
Start RTL Hierarchical Component Statistics 
---------------------------------------------------------------------------------
Hierarchical RTL Component report 
Module axi_crossbar_v2_1_17_addr_decoder 
Detailed RTL Component Info : 
+---Muxes : 
	   2 Input      4 Bit        Muxes := 1     
Module axi_crossbar_v2_1_17_decerr_slave 
Detailed RTL Component Info : 
+---Adders : 
	   2 Input      8 Bit       Adders := 1     
+---Registers : 
	                8 Bit    Registers := 1     
	                1 Bit    Registers := 8     
+---Muxes : 
	   2 Input      8 Bit        Muxes := 1     
	   3 Input      1 Bit        Muxes := 9     
	   2 Input      1 Bit        Muxes := 11    
Module axi_crossbar_v2_1_17_addr_arbiter_sasd 
Detailed RTL Component Info : 
+---Registers : 
	               75 Bit    Registers := 1     
	                1 Bit    Registers := 7     
+---Muxes : 
	   2 Input     75 Bit        Muxes := 1     
	   2 Input      1 Bit        Muxes := 5     
Module axi_crossbar_v2_1_17_splitter 
Detailed RTL Component Info : 
+---Registers : 
	                3 Bit    Registers := 1     
Module axi_crossbar_v2_1_17_splitter__parameterized0 
Detailed RTL Component Info : 
+---Registers : 
	                2 Bit    Registers := 1     
Module generic_baseblocks_v2_1_0_mux_enc 
Detailed RTL Component Info : 
+---Muxes : 
	   2 Input      1 Bit        Muxes := 5     
Module generic_baseblocks_v2_1_0_mux_enc__parameterized1 
Detailed RTL Component Info : 
+---Muxes : 
	   2 Input      1 Bit        Muxes := 5     
Module axi_register_slice_v2_1_16_axic_register_slice 
Detailed RTL Component Info : 
+---Registers : 
	               36 Bit    Registers := 2     
	                2 Bit    Registers := 1     
	                1 Bit    Registers := 2     
+---Muxes : 
	   2 Input     36 Bit        Muxes := 2     
Module generic_baseblocks_v2_1_0_mux_enc__parameterized2 
Detailed RTL Component Info : 
+---Muxes : 
	   2 Input      1 Bit        Muxes := 5     
Module axi_crossbar_v2_1_17_crossbar_sasd 
Detailed RTL Component Info : 
+---Registers : 
	                5 Bit    Registers := 1     
	                3 Bit    Registers := 1     
	                1 Bit    Registers := 1     
+---Muxes : 
	   2 Input      5 Bit        Muxes := 1     
	   2 Input      3 Bit        Muxes := 1     
	   2 Input      2 Bit        Muxes := 1     
---------------------------------------------------------------------------------
Finished RTL Hierarchical Component Statistics
---------------------------------------------------------------------------------
---------------------------------------------------------------------------------
Start Part Resource Summary
---------------------------------------------------------------------------------
Part Resources:
DSPs: 220 (col length:60)
BRAMs: 280 (col length: RAMB18 60 RAMB36 30)
---------------------------------------------------------------------------------
Finished Part Resource Summary
---------------------------------------------------------------------------------
---------------------------------------------------------------------------------
Start Cross Boundary and Area Optimization
---------------------------------------------------------------------------------
Warning: Parallel synthesis criteria is not met 
WARNING: [Synth 8-6014] Unused sequential element gen_sasd.crossbar_sasd_0/gen_decerr.decerr_slave_inst/gen_axi.s_axi_bid_i_reg was removed.  [c:/xup/embedded/2018_1_zynq_labs/lab_3/lab_3.srcs/sources_1/bd/system/ipshared/d293/hdl/axi_crossbar_v2_1_vl_rfs.v:3620]
WARNING: [Synth 8-6014] Unused sequential element gen_sasd.crossbar_sasd_0/gen_decerr.decerr_slave_inst/gen_axi.s_axi_rid_i_reg was removed.  [c:/xup/embedded/2018_1_zynq_labs/lab_3/lab_3.srcs/sources_1/bd/system/ipshared/d293/hdl/axi_crossbar_v2_1_vl_rfs.v:3621]
WARNING: [Synth 8-6014] Unused sequential element gen_sasd.crossbar_sasd_0/addr_arbiter_inst/gen_no_arbiter.m_grant_enc_i_reg was removed.  [c:/xup/embedded/2018_1_zynq_labs/lab_3/lab_3.srcs/sources_1/bd/system/ipshared/d293/hdl/axi_crossbar_v2_1_vl_rfs.v:324]
INFO: [Synth 8-3936] Found unconnected internal register 'gen_sasd.crossbar_sasd_0/reg_slice_r/m_payload_i_reg' and it is trimmed from '36' to '35' bits. [c:/xup/embedded/2018_1_zynq_labs/lab_3/lab_3.srcs/sources_1/bd/system/ipshared/0cde/hdl/axi_register_slice_v2_1_vl_rfs.v:422]
INFO: [Synth 8-5546] ROM "gen_sasd.crossbar_sasd_0/gen_decerr.decerr_slave_inst/gen_axi.s_axi_rlast_i" won't be mapped to RAM because it is too sparse
INFO: [Synth 8-5546] ROM "gen_sasd.crossbar_sasd_0/gen_decerr.decerr_slave_inst/gen_axi.read_cs" won't be mapped to RAM because it is too sparse
INFO: [Synth 8-3332] Sequential element (gen_sasd.crossbar_sasd_0/addr_arbiter_inst/gen_no_arbiter.m_amesg_i_reg[74]) is unused and will be removed from module axi_crossbar_v2_1_17_axi_crossbar.
INFO: [Synth 8-3332] Sequential element (gen_sasd.crossbar_sasd_0/addr_arbiter_inst/gen_no_arbiter.m_amesg_i_reg[73]) is unused and will be removed from module axi_crossbar_v2_1_17_axi_crossbar.
INFO: [Synth 8-3332] Sequential element (gen_sasd.crossbar_sasd_0/addr_arbiter_inst/gen_no_arbiter.m_amesg_i_reg[72]) is unused and will be removed from module axi_crossbar_v2_1_17_axi_crossbar.
INFO: [Synth 8-3332] Sequential element (gen_sasd.crossbar_sasd_0/addr_arbiter_inst/gen_no_arbiter.m_amesg_i_reg[71]) is unused and will be removed from module axi_crossbar_v2_1_17_axi_crossbar.
INFO: [Synth 8-3332] Sequential element (gen_sasd.crossbar_sasd_0/addr_arbiter_inst/gen_no_arbiter.m_amesg_i_reg[70]) is unused and will be removed from module axi_crossbar_v2_1_17_axi_crossbar.
INFO: [Synth 8-3332] Sequential element (gen_sasd.crossbar_sasd_0/addr_arbiter_inst/gen_no_arbiter.m_amesg_i_reg[56]) is unused and will be removed from module axi_crossbar_v2_1_17_axi_crossbar.
INFO: [Synth 8-3332] Sequential element (gen_sasd.crossbar_sasd_0/reg_slice_r/skid_buffer_reg[35]) is unused and will be removed from module axi_crossbar_v2_1_17_axi_crossbar.
---------------------------------------------------------------------------------
Finished Cross Boundary and Area Optimization : Time (s): cpu = 00:01:11 ; elapsed = 00:01:33 . Memory (MB): peak = 890.621 ; gain = 522.004
---------------------------------------------------------------------------------

Report RTL Partitions: 
+-+--------------+------------+----------+
| |RTL Partition |Replication |Instances |
+-+--------------+------------+----------+
+-+--------------+------------+----------+
---------------------------------------------------------------------------------
Start Applying XDC Timing Constraints
---------------------------------------------------------------------------------
---------------------------------------------------------------------------------
Finished Applying XDC Timing Constraints : Time (s): cpu = 00:01:31 ; elapsed = 00:01:57 . Memory (MB): peak = 890.621 ; gain = 522.004
---------------------------------------------------------------------------------
---------------------------------------------------------------------------------
Start Timing Optimization
---------------------------------------------------------------------------------
---------------------------------------------------------------------------------
Finished Timing Optimization : Time (s): cpu = 00:01:33 ; elapsed = 00:01:59 . Memory (MB): peak = 911.332 ; gain = 542.715
---------------------------------------------------------------------------------

Report RTL Partitions: 
+-+--------------+------------+----------+
| |RTL Partition |Replication |Instances |
+-+--------------+------------+----------+
+-+--------------+------------+----------+
---------------------------------------------------------------------------------
Start Technology Mapping
---------------------------------------------------------------------------------
---------------------------------------------------------------------------------
Finished Technology Mapping : Time (s): cpu = 00:01:33 ; elapsed = 00:01:59 . Memory (MB): peak = 914.836 ; gain = 546.219
---------------------------------------------------------------------------------

Report RTL Partitions: 
+-+--------------+------------+----------+
| |RTL Partition |Replication |Instances |
+-+--------------+------------+----------+
+-+--------------+------------+----------+
---------------------------------------------------------------------------------
Start IO Insertion
---------------------------------------------------------------------------------
---------------------------------------------------------------------------------
Start Flattening Before IO Insertion
---------------------------------------------------------------------------------
---------------------------------------------------------------------------------
Finished Flattening Before IO Insertion
---------------------------------------------------------------------------------
---------------------------------------------------------------------------------
Start Final Netlist Cleanup
---------------------------------------------------------------------------------
---------------------------------------------------------------------------------
Finished Final Netlist Cleanup
---------------------------------------------------------------------------------
---------------------------------------------------------------------------------
Finished IO Insertion : Time (s): cpu = 00:01:36 ; elapsed = 00:02:01 . Memory (MB): peak = 914.836 ; gain = 546.219
---------------------------------------------------------------------------------

Report Check Netlist: 
+------+------------------+-------+---------+-------+------------------+
|      |Item              |Errors |Warnings |Status |Description       |
+------+------------------+-------+---------+-------+------------------+
|1     |multi_driven_nets |      0|        0|Passed |Multi driven nets |
+------+------------------+-------+---------+-------+------------------+
---------------------------------------------------------------------------------
Start Renaming Generated Instances
---------------------------------------------------------------------------------
---------------------------------------------------------------------------------
Finished Renaming Generated Instances : Time (s): cpu = 00:01:36 ; elapsed = 00:02:01 . Memory (MB): peak = 914.836 ; gain = 546.219
---------------------------------------------------------------------------------

Report RTL Partitions: 
+-+--------------+------------+----------+
| |RTL Partition |Replication |Instances |
+-+--------------+------------+----------+
+-+--------------+------------+----------+
---------------------------------------------------------------------------------
Start Rebuilding User Hierarchy
---------------------------------------------------------------------------------
---------------------------------------------------------------------------------
Finished Rebuilding User Hierarchy : Time (s): cpu = 00:01:36 ; elapsed = 00:02:01 . Memory (MB): peak = 914.836 ; gain = 546.219
---------------------------------------------------------------------------------
---------------------------------------------------------------------------------
Start Renaming Generated Ports
---------------------------------------------------------------------------------
---------------------------------------------------------------------------------
Finished Renaming Generated Ports : Time (s): cpu = 00:01:36 ; elapsed = 00:02:01 . Memory (MB): peak = 914.836 ; gain = 546.219
---------------------------------------------------------------------------------
---------------------------------------------------------------------------------
Start Handling Custom Attributes
---------------------------------------------------------------------------------
---------------------------------------------------------------------------------
Finished Handling Custom Attributes : Time (s): cpu = 00:01:36 ; elapsed = 00:02:01 . Memory (MB): peak = 914.836 ; gain = 546.219
---------------------------------------------------------------------------------
---------------------------------------------------------------------------------
Start Renaming Generated Nets
---------------------------------------------------------------------------------
---------------------------------------------------------------------------------
Finished Renaming Generated Nets : Time (s): cpu = 00:01:36 ; elapsed = 00:02:01 . Memory (MB): peak = 914.836 ; gain = 546.219
---------------------------------------------------------------------------------
---------------------------------------------------------------------------------
Start Writing Synthesis Report
---------------------------------------------------------------------------------

Report BlackBoxes: 
+-+--------------+----------+
| |BlackBox name |Instances |
+-+--------------+----------+
+-+--------------+----------+

Report Cell Usage: 
+------+-----+------+
|      |Cell |Count |
+------+-----+------+
|1     |LUT1 |     2|
|2     |LUT2 |    11|
|3     |LUT3 |    50|
|4     |LUT4 |    86|
|5     |LUT5 |    68|
|6     |LUT6 |    77|
|7     |FDRE |   179|
|8     |FDSE |     1|
+------+-----+------+

Report Instance Areas: 
+------+-------------------------------------+-----------------------------------------------+------+
|      |Instance                             |Module                                         |Cells |
+------+-------------------------------------+-----------------------------------------------+------+
|1     |top                                  |                                               |   474|
|2     |  inst                               |axi_crossbar_v2_1_17_axi_crossbar              |   474|
|3     |    \gen_sasd.crossbar_sasd_0        |axi_crossbar_v2_1_17_crossbar_sasd             |   474|
|4     |      addr_arbiter_inst              |axi_crossbar_v2_1_17_addr_arbiter_sasd         |   211|
|5     |      \gen_decerr.decerr_slave_inst  |axi_crossbar_v2_1_17_decerr_slave              |    50|
|6     |      reg_slice_r                    |axi_register_slice_v2_1_16_axic_register_slice |   184|
|7     |      splitter_ar                    |axi_crossbar_v2_1_17_splitter__parameterized0  |     5|
|8     |      splitter_aw                    |axi_crossbar_v2_1_17_splitter                  |    10|
+------+-------------------------------------+-----------------------------------------------+------+
---------------------------------------------------------------------------------
Finished Writing Synthesis Report : Time (s): cpu = 00:01:36 ; elapsed = 00:02:01 . Memory (MB): peak = 914.836 ; gain = 546.219
---------------------------------------------------------------------------------
Synthesis finished with 0 errors, 0 critical warnings and 123 warnings.
Synthesis Optimization Runtime : Time (s): cpu = 00:00:41 ; elapsed = 00:01:39 . Memory (MB): peak = 914.836 ; gain = 281.605
Synthesis Optimization Complete : Time (s): cpu = 00:01:36 ; elapsed = 00:02:02 . Memory (MB): peak = 914.836 ; gain = 546.219
INFO: [Project 1-571] Translating synthesized netlist
INFO: [Project 1-570] Preparing netlist for logic optimization
INFO: [Opt 31-138] Pushed 0 inverter(s) to 0 load pin(s).
INFO: [Project 1-111] Unisim Transformation Summary:
No Unisim elements were transformed.

INFO: [Common 17-83] Releasing license: Synthesis
78 Infos, 108 Warnings, 0 Critical Warnings and 0 Errors encountered.
synth_design completed successfully
synth_design: Time (s): cpu = 00:01:40 ; elapsed = 00:02:08 . Memory (MB): peak = 914.836 ; gain = 553.129
INFO: [Common 17-1381] The checkpoint 'C:/xup/embedded/2018_1_zynq_labs/lab_3/lab_3.runs/system_xbar_0_synth_1/system_xbar_0.dcp' has been generated.
