#-----------------------------------------------------------
# Webtalk v2015.2 (64-bit)
# SW Build 1266856 on Fri Jun 26 16:35:25 MDT 2015
# 
# Start of session at: Thu Jul 30 15:13:43 2015
# Process ID: 9608
# Log file: C:/xup/embedded/2015_2_zynq_labs/lab1/lab1.sdk/webtalk/webtalk.log
# Journal file: C:/xup/embedded/2015_2_zynq_labs/lab1/lab1.sdk/webtalk\webtalk.jou
#-----------------------------------------------------------
source sdk_webtalk.tcl
# webtalk_init -webtalk_dir C:\\xup\\embedded\\2015_2_zynq_labs\\lab1\\lab1.sdk\\webtalk
# webtalk_register_client -client project
# webtalk_add_data -client project -key date_generated -value "Thu Jul 30 15:13:42 2015" -context "software_version_and_target_device"
# webtalk_add_data -client project -key product_version -value "SDK v2015.2" -context "software_version_and_target_device"
# webtalk_add_data -client project -key build_version -value "2015.2" -context "software_version_and_target_device"
# webtalk_add_data -client project -key os_platform -value "amd64" -context "software_version_and_target_device"
# webtalk_add_data -client project -key registration_id -value "" -context "software_version_and_target_device"
# webtalk_add_data -client project -key tool_flow -value "SDK" -context "software_version_and_target_device"
# webtalk_add_data -client project -key beta -value "false" -context "software_version_and_target_device"
# webtalk_add_data -client project -key route_design -value "NA" -context "software_version_and_target_device"
# webtalk_add_data -client project -key target_family -value "NA" -context "software_version_and_target_device"
# webtalk_add_data -client project -key target_device -value "NA" -context "software_version_and_target_device"
# webtalk_add_data -client project -key target_package -value "NA" -context "software_version_and_target_device"
# webtalk_add_data -client project -key target_speed -value "NA" -context "software_version_and_target_device"
# webtalk_add_data -client project -key random_id -value "kef1sadv38v6l2fct55dodamed" -context "software_version_and_target_device"
# webtalk_add_data -client project -key project_id -value "2015.2_13" -context "software_version_and_target_device"
# webtalk_add_data -client project -key project_iteration -value "13" -context "software_version_and_target_device"
# webtalk_add_data -client project -key os_name -value "" -context "user_environment"
# webtalk_add_data -client project -key os_release -value "" -context "user_environment"
# webtalk_add_data -client project -key cpu_name -value "" -context "user_environment"
# webtalk_add_data -client project -key cpu_speed -value "" -context "user_environment"
# webtalk_add_data -client project -key total_processors -value "" -context "user_environment"
# webtalk_add_data -client project -key system_ram -value "" -context "user_environment"
# webtalk_register_client -client sdk
# webtalk_add_data -client sdk -key uid -value "1438294241986" -context "sdk\\\\hardware/1438294241986"
# webtalk_add_data -client sdk -key isZynq -value "true" -context "sdk\\\\hardware/1438294241986"
# webtalk_add_data -client sdk -key Processors -value "2" -context "sdk\\\\hardware/1438294241986"
# webtalk_add_data -client sdk -key VivadoVersion -value "2015.2" -context "sdk\\\\hardware/1438294241986"
# webtalk_add_data -client sdk -key Arch -value "zynq" -context "sdk\\\\hardware/1438294241986"
# webtalk_add_data -client sdk -key Device -value "7z010" -context "sdk\\\\hardware/1438294241986"
# webtalk_add_data -client sdk -key IsHandoff -value "true" -context "sdk\\\\hardware/1438294241986"
# webtalk_add_data -client sdk -key uid -value "1438294267254" -context "sdk\\\\bsp/1438294267254"
# webtalk_add_data -client sdk -key hwid -value "1438294241986" -context "sdk\\\\bsp/1438294267254"
# webtalk_add_data -client sdk -key os -value "standalone" -context "sdk\\\\bsp/1438294267254"
# webtalk_add_data -client sdk -key apptemplate -value "memory_tests" -context "sdk\\\\bsp/1438294267254"
# webtalk_add_data -client sdk -key uid -value "1438294269671" -context "sdk\\\\application/1438294269671"
# webtalk_add_data -client sdk -key hwid -value "1438294241986" -context "sdk\\\\application/1438294269671"
# webtalk_add_data -client sdk -key bspid -value "1438294267254" -context "sdk\\\\application/1438294269671"
# webtalk_add_data -client sdk -key newbsp -value "true" -context "sdk\\\\application/1438294269671"
# webtalk_add_data -client sdk -key os -value "standalone" -context "sdk\\\\application/1438294269671"
# webtalk_add_data -client sdk -key apptemplate -value "memory_tests" -context "sdk\\\\application/1438294269671"
# webtalk_transmit -clientid 1246403961 -regid "" -xml C:\\xup\\embedded\\2015_2_zynq_labs\\lab1\\lab1.sdk\\webtalk\\usage_statistics_ext_sdk.xml -html C:\\xup\\embedded\\2015_2_zynq_labs\\lab1\\lab1.sdk\\webtalk\\usage_statistics_ext_sdk.html -wdm C:\\xup\\embedded\\2015_2_zynq_labs\\lab1\\lab1.sdk\\webtalk\\sdk_webtalk.wdm -intro "<H3>SDK Usage Report</H3><BR>"
INFO: [Common 17-186] 'C:\xup\embedded\2015_2_zynq_labs\lab1\lab1.sdk\webtalk\usage_statistics_ext_sdk.xml' has been successfully sent to Xilinx on Thu Jul 30 15:13:48 2015. For additional details about this file, please refer to the WebTalk help file at C:/Xilinx/SDK/2015.2/doc/webtalk_introduction.html.
# webtalk_terminate
INFO: [Common 17-206] Exiting Webtalk at Thu Jul 30 15:13:48 2015...
