#-----------------------------------------------------------
# Vivado v2018.1 (64-bit)
# SW Build 2188600 on Wed Apr  4 18:40:38 MDT 2018
# IP Build 2185939 on Wed Apr  4 20:55:05 MDT 2018
# Start of session at: Thu Jun 28 13:35:08 2018
# Process ID: 7868
# Current directory: C:/xup/embedded/2018_1_zynq_labs/lab_2
# Command line: vivado.exe -gui_launcher_event rodinguilauncherevent15024 C:\xup\embedded\2018_1_zynq_labs\lab_2\lab_2.xpr
# Log file: C:/xup/embedded/2018_1_zynq_labs/lab_2/vivado.log
# Journal file: C:/xup/embedded/2018_1_zynq_labs/lab_2\vivado.jou
#-----------------------------------------------------------
start_gui
open_project C:/xup/embedded/2018_1_zynq_labs/lab_2/lab_2.xpr
Scanning sources...
Finished scanning sources
INFO: [IP_Flow 19-234] Refreshing IP repositories
INFO: [IP_Flow 19-1704] No user IP repositories specified
INFO: [IP_Flow 19-2313] Loaded Vivado IP repository 'C:/Xilinx/Vivado/2018.1/data/ip'.
open_project: Time (s): cpu = 00:00:29 ; elapsed = 00:00:19 . Memory (MB): peak = 959.898 ; gain = 219.488
update_compile_order -fileset sources_1
launch_sdk -workspace C:/xup/embedded/2018_1_zynq_labs/lab_2/lab_2.sdk -hwspec C:/xup/embedded/2018_1_zynq_labs/lab_2/lab_2.sdk/system_wrapper.hdf
INFO: [Vivado 12-393] Launching SDK...
INFO: [Vivado 12-417] Running xsdk -workspace C:/xup/embedded/2018_1_zynq_labs/lab_2/lab_2.sdk -hwspec C:/xup/embedded/2018_1_zynq_labs/lab_2/lab_2.sdk/system_wrapper.hdf
INFO: [Vivado 12-3157] SDK launch initiated. Please check console for any further messages.
save_project_as lab_3 C:/xup/embedded/2018_1_zynq_labs/lab_3 -force
save_project_as: Time (s): cpu = 00:00:05 ; elapsed = 00:00:16 . Memory (MB): peak = 959.898 ; gain = 0.000
exit
INFO: [Common 17-206] Exiting Vivado at Thu Jun 28 14:18:42 2018...
