
*** Running vivado
    with args -log system_wrapper.vdi -applog -m64 -messageDb vivado.pb -mode batch -source system_wrapper.tcl -notrace


****** Vivado v2015.2 (64-bit)
  **** SW Build 1266856 on Fri Jun 26 16:35:25 MDT 2015
  **** IP Build 1264090 on Wed Jun 24 14:22:01 MDT 2015
    ** Copyright 1986-2015 Xilinx, Inc. All Rights Reserved.

source system_wrapper.tcl -notrace
Command: open_checkpoint C:/xup/embedded/2015_2_zynq_labs/lab2/lab2.runs/impl_1/system_wrapper.dcp
INFO: [Netlist 29-17] Analyzing 31 Unisim elements for replacement
INFO: [Netlist 29-28] Unisim Transformation completed in 0 CPU seconds
INFO: [Project 1-479] Netlist was created with Vivado 2015.2
INFO: [Device 21-403] Loading part xc7z020clg484-1
INFO: [Project 1-570] Preparing netlist for logic optimization
Parsing XDC File [C:/xup/embedded/2015_2_zynq_labs/lab2/lab2.runs/impl_1/.Xil/Vivado-2968-XSJPARIMALP30/dcp/system_wrapper_board.xdc]
Finished Parsing XDC File [C:/xup/embedded/2015_2_zynq_labs/lab2/lab2.runs/impl_1/.Xil/Vivado-2968-XSJPARIMALP30/dcp/system_wrapper_board.xdc]
Parsing XDC File [C:/xup/embedded/2015_2_zynq_labs/lab2/lab2.runs/impl_1/.Xil/Vivado-2968-XSJPARIMALP30/dcp/system_wrapper_early.xdc]
Finished Parsing XDC File [C:/xup/embedded/2015_2_zynq_labs/lab2/lab2.runs/impl_1/.Xil/Vivado-2968-XSJPARIMALP30/dcp/system_wrapper_early.xdc]
Reading XDEF placement.
Reading placer database...
Reading XDEF routing.
Read XDEF File: Time (s): cpu = 00:00:01 ; elapsed = 00:00:00.270 . Memory (MB): peak = 500.328 ; gain = 0.000
Restored from archive | CPU: 1.000000 secs | Memory: 0.000000 MB |
Finished XDEF File Restore: Time (s): cpu = 00:00:01 ; elapsed = 00:00:00.270 . Memory (MB): peak = 500.328 ; gain = 0.000
INFO: [Project 1-111] Unisim Transformation Summary:
No Unisim elements were transformed.

INFO: [Project 1-484] Checkpoint was created with build 1266856
open_checkpoint: Time (s): cpu = 00:00:07 ; elapsed = 00:00:07 . Memory (MB): peak = 500.328 ; gain = 306.258
Command: opt_design
Attempting to get a license for feature 'Implementation' and/or device 'xc7z020'
INFO: [Common 17-349] Got license for feature 'Implementation' and/or device 'xc7z020'
Running DRC as a precondition to command opt_design

Starting DRC Task
INFO: [DRC 23-27] Running DRC with 2 threads
INFO: [Project 1-461] DRC finished with 0 Errors
INFO: [Project 1-462] Please refer to the DRC report (report_drc) for more information.

Time (s): cpu = 00:00:00 ; elapsed = 00:00:00.100 . Memory (MB): peak = 502.855 ; gain = 2.527
INFO: [Timing 38-35] Done setting XDC timing constraints.

Starting Logic Optimization Task

Phase 1 Retarget

INFO: [Opt 31-138] Pushed 0 inverter(s) to 0 load pin(s).
INFO: [Opt 31-49] Retargeted 0 cell(s).
Phase 1 Retarget | Checksum: 136f30ec5

Time (s): cpu = 00:00:00 ; elapsed = 00:00:00.300 . Memory (MB): peak = 970.719 ; gain = 0.000

Phase 2 Constant Propagation
INFO: [Opt 31-138] Pushed 0 inverter(s) to 0 load pin(s).
INFO: [Opt 31-10] Eliminated 104 cells.
Phase 2 Constant Propagation | Checksum: d31bb7ec

Time (s): cpu = 00:00:00 ; elapsed = 00:00:00.640 . Memory (MB): peak = 970.719 ; gain = 0.000

Phase 3 Sweep
INFO: [Opt 31-12] Eliminated 152 unconnected nets.
INFO: [Opt 31-11] Eliminated 211 unconnected cells.
Phase 3 Sweep | Checksum: 14f0f669e

Time (s): cpu = 00:00:01 ; elapsed = 00:00:01 . Memory (MB): peak = 970.719 ; gain = 0.000

Starting Connectivity Check Task

Time (s): cpu = 00:00:00 ; elapsed = 00:00:00.020 . Memory (MB): peak = 970.719 ; gain = 0.000
Ending Logic Optimization Task | Checksum: 14f0f669e

Time (s): cpu = 00:00:01 ; elapsed = 00:00:01 . Memory (MB): peak = 970.719 ; gain = 0.000
Implement Debug Cores | Checksum: 11c1948da
Logic Optimization | Checksum: 11c1948da

Starting Power Optimization Task
INFO: [Pwropt 34-132] Skipping clock gating for clocks with a period < 3.13 ns.
Ending Power Optimization Task | Checksum: 14f0f669e

Time (s): cpu = 00:00:00 ; elapsed = 00:00:00.020 . Memory (MB): peak = 970.719 ; gain = 0.000
INFO: [Common 17-83] Releasing license: Implementation
20 Infos, 0 Warnings, 0 Critical Warnings and 0 Errors encountered.
opt_design completed successfully
opt_design: Time (s): cpu = 00:00:15 ; elapsed = 00:00:17 . Memory (MB): peak = 970.719 ; gain = 470.391
Writing placer database...
Writing XDEF routing.
Writing XDEF routing logical nets.
Writing XDEF routing special nets.
Write XDEF Complete: Time (s): cpu = 00:00:00 ; elapsed = 00:00:00.120 . Memory (MB): peak = 970.719 ; gain = 0.000
INFO: [DRC 23-27] Running DRC with 2 threads
INFO: [Coretcl 2-168] The results of DRC are in file C:/xup/embedded/2015_2_zynq_labs/lab2/lab2.runs/impl_1/system_wrapper_drc_opted.rpt.
Command: place_design
Attempting to get a license for feature 'Implementation' and/or device 'xc7z020'
INFO: [Common 17-349] Got license for feature 'Implementation' and/or device 'xc7z020'
INFO: [DRC 23-27] Running DRC with 2 threads
INFO: [Vivado_Tcl 4-198] DRC finished with 0 Errors
INFO: [Vivado_Tcl 4-199] Please refer to the DRC report (report_drc) for more information.
Running DRC as a precondition to command place_design
INFO: [DRC 23-27] Running DRC with 2 threads
INFO: [Vivado_Tcl 4-198] DRC finished with 0 Errors
INFO: [Vivado_Tcl 4-199] Please refer to the DRC report (report_drc) for more information.

Starting Placer Task
INFO: [Place 30-611] Multithreading enabled for place_design using a maximum of 2 CPUs

Phase 1 Placer Runtime Estimator
Phase 1 Placer Runtime Estimator | Checksum: 100846147

Time (s): cpu = 00:00:00 ; elapsed = 00:00:00.040 . Memory (MB): peak = 970.719 ; gain = 0.000

Phase 2 Placer Initialization
Netlist sorting complete. Time (s): cpu = 00:00:00 ; elapsed = 00:00:00.010 . Memory (MB): peak = 970.719 ; gain = 0.000
Netlist sorting complete. Time (s): cpu = 00:00:00 ; elapsed = 00:00:00.010 . Memory (MB): peak = 970.719 ; gain = 0.000

Phase 2.1 IO Placement/ Clock Placement/ Build Placer Device

Phase 2.1.1 Pre-Place Cells
Phase 2.1.1 Pre-Place Cells | Checksum: 35fa2519

Time (s): cpu = 00:00:00 ; elapsed = 00:00:00.090 . Memory (MB): peak = 970.719 ; gain = 0.000
INFO: [Timing 38-35] Done setting XDC timing constraints.

Phase 2.1.2 IO & Clk Clean Up
Phase 2.1.2 IO & Clk Clean Up | Checksum: 35fa2519

Time (s): cpu = 00:00:02 ; elapsed = 00:00:01 . Memory (MB): peak = 987.453 ; gain = 16.734

Phase 2.1.3 Implementation Feasibility check On IDelay
Phase 2.1.3 Implementation Feasibility check On IDelay | Checksum: 35fa2519

Time (s): cpu = 00:00:02 ; elapsed = 00:00:01 . Memory (MB): peak = 987.453 ; gain = 16.734

Phase 2.1.4 Commit IO Placement
Phase 2.1.4 Commit IO Placement | Checksum: a4101697

Time (s): cpu = 00:00:02 ; elapsed = 00:00:01 . Memory (MB): peak = 987.453 ; gain = 16.734
Phase 2.1 IO Placement/ Clock Placement/ Build Placer Device | Checksum: 106fde07c

Time (s): cpu = 00:00:02 ; elapsed = 00:00:01 . Memory (MB): peak = 987.453 ; gain = 16.734

Phase 2.2 Build Placer Netlist Model

Phase 2.2.1 Place Init Design

Phase 2.2.1.1 Init Lut Pin Assignment
Phase 2.2.1.1 Init Lut Pin Assignment | Checksum: 1a8add2bc

Time (s): cpu = 00:00:02 ; elapsed = 00:00:01 . Memory (MB): peak = 987.453 ; gain = 16.734
Phase 2.2.1 Place Init Design | Checksum: 20b0029df

Time (s): cpu = 00:00:02 ; elapsed = 00:00:02 . Memory (MB): peak = 987.453 ; gain = 16.734
Phase 2.2 Build Placer Netlist Model | Checksum: 20b0029df

Time (s): cpu = 00:00:02 ; elapsed = 00:00:02 . Memory (MB): peak = 987.453 ; gain = 16.734

Phase 2.3 Constrain Clocks/Macros

Phase 2.3.1 Constrain Global/Regional Clocks
Phase 2.3.1 Constrain Global/Regional Clocks | Checksum: 20b0029df

Time (s): cpu = 00:00:02 ; elapsed = 00:00:02 . Memory (MB): peak = 987.453 ; gain = 16.734
Phase 2.3 Constrain Clocks/Macros | Checksum: 20b0029df

Time (s): cpu = 00:00:02 ; elapsed = 00:00:02 . Memory (MB): peak = 987.453 ; gain = 16.734
Phase 2 Placer Initialization | Checksum: 20b0029df

Time (s): cpu = 00:00:02 ; elapsed = 00:00:02 . Memory (MB): peak = 987.453 ; gain = 16.734

Phase 3 Global Placement
Phase 3 Global Placement | Checksum: 25bc0f431

Time (s): cpu = 00:00:05 ; elapsed = 00:00:03 . Memory (MB): peak = 987.453 ; gain = 16.734

Phase 4 Detail Placement

Phase 4.1 Commit Multi Column Macros
Phase 4.1 Commit Multi Column Macros | Checksum: 25bc0f431

Time (s): cpu = 00:00:05 ; elapsed = 00:00:03 . Memory (MB): peak = 987.453 ; gain = 16.734

Phase 4.2 Commit Most Macros & LUTRAMs
Phase 4.2 Commit Most Macros & LUTRAMs | Checksum: 2271b8d2a

Time (s): cpu = 00:00:05 ; elapsed = 00:00:03 . Memory (MB): peak = 987.453 ; gain = 16.734

Phase 4.3 Area Swap Optimization
Phase 4.3 Area Swap Optimization | Checksum: 229a3e85d

Time (s): cpu = 00:00:05 ; elapsed = 00:00:03 . Memory (MB): peak = 987.453 ; gain = 16.734

Phase 4.4 updateClock Trees: DP
Phase 4.4 updateClock Trees: DP | Checksum: 229a3e85d

Time (s): cpu = 00:00:05 ; elapsed = 00:00:03 . Memory (MB): peak = 987.453 ; gain = 16.734

Phase 4.5 Timing Path Optimizer
Phase 4.5 Timing Path Optimizer | Checksum: 1d042fcc6

Time (s): cpu = 00:00:06 ; elapsed = 00:00:03 . Memory (MB): peak = 987.453 ; gain = 16.734

Phase 4.6 Small Shape Detail Placement

Phase 4.6.1 Commit Small Macros & Core Logic

Phase 4.6.1.1 setBudgets
Phase 4.6.1.1 setBudgets | Checksum: 197e1d260

Time (s): cpu = 00:00:06 ; elapsed = 00:00:03 . Memory (MB): peak = 987.453 ; gain = 16.734

Phase 4.6.1.2 Commit Slice Clusters
Phase 4.6.1.2 Commit Slice Clusters | Checksum: 1dac3d536

Time (s): cpu = 00:00:06 ; elapsed = 00:00:04 . Memory (MB): peak = 987.453 ; gain = 16.734
Phase 4.6.1 Commit Small Macros & Core Logic | Checksum: 1dac3d536

Time (s): cpu = 00:00:06 ; elapsed = 00:00:04 . Memory (MB): peak = 987.453 ; gain = 16.734

Phase 4.6.2 Clock Restriction Legalization for Leaf Columns
Phase 4.6.2 Clock Restriction Legalization for Leaf Columns | Checksum: 1dac3d536

Time (s): cpu = 00:00:06 ; elapsed = 00:00:04 . Memory (MB): peak = 987.453 ; gain = 16.734

Phase 4.6.3 Clock Restriction Legalization for Non-Clock Pins
Phase 4.6.3 Clock Restriction Legalization for Non-Clock Pins | Checksum: 1dac3d536

Time (s): cpu = 00:00:06 ; elapsed = 00:00:04 . Memory (MB): peak = 987.453 ; gain = 16.734
Phase 4.6 Small Shape Detail Placement | Checksum: 1dac3d536

Time (s): cpu = 00:00:06 ; elapsed = 00:00:04 . Memory (MB): peak = 987.453 ; gain = 16.734

Phase 4.7 Re-assign LUT pins
Phase 4.7 Re-assign LUT pins | Checksum: 1dac3d536

Time (s): cpu = 00:00:06 ; elapsed = 00:00:04 . Memory (MB): peak = 987.453 ; gain = 16.734
Phase 4 Detail Placement | Checksum: 1dac3d536

Time (s): cpu = 00:00:06 ; elapsed = 00:00:04 . Memory (MB): peak = 987.453 ; gain = 16.734

Phase 5 Post Placement Optimization and Clean-Up

Phase 5.1 PCOPT Shape updates
Phase 5.1 PCOPT Shape updates | Checksum: d5cef0f6

Time (s): cpu = 00:00:06 ; elapsed = 00:00:04 . Memory (MB): peak = 987.453 ; gain = 16.734

Phase 5.2 Post Commit Optimization

Phase 5.2.1 updateClock Trees: PCOPT
Phase 5.2.1 updateClock Trees: PCOPT | Checksum: d5cef0f6

Time (s): cpu = 00:00:06 ; elapsed = 00:00:04 . Memory (MB): peak = 987.453 ; gain = 16.734

Phase 5.2.2 Post Placement Optimization

Phase 5.2.2.1 Post Placement Timing Optimization
INFO: [Place 30-746] Post Placement Timing Summary WNS=3.882. For the most accurate timing information please run report_timing.
Phase 5.2.2.1 Post Placement Timing Optimization | Checksum: 16922d46c

Time (s): cpu = 00:00:07 ; elapsed = 00:00:04 . Memory (MB): peak = 987.453 ; gain = 16.734
Phase 5.2.2 Post Placement Optimization | Checksum: 16922d46c

Time (s): cpu = 00:00:07 ; elapsed = 00:00:04 . Memory (MB): peak = 987.453 ; gain = 16.734
Phase 5.2 Post Commit Optimization | Checksum: 16922d46c

Time (s): cpu = 00:00:07 ; elapsed = 00:00:04 . Memory (MB): peak = 987.453 ; gain = 16.734

Phase 5.3 Sweep Clock Roots: Post-Placement
Phase 5.3 Sweep Clock Roots: Post-Placement | Checksum: 16922d46c

Time (s): cpu = 00:00:07 ; elapsed = 00:00:04 . Memory (MB): peak = 987.453 ; gain = 16.734

Phase 5.4 Post Placement Cleanup
Phase 5.4 Post Placement Cleanup | Checksum: 16922d46c

Time (s): cpu = 00:00:07 ; elapsed = 00:00:04 . Memory (MB): peak = 987.453 ; gain = 16.734

Phase 5.5 Placer Reporting

Phase 5.5.1 Restore STA
Phase 5.5.1 Restore STA | Checksum: 16922d46c

Time (s): cpu = 00:00:07 ; elapsed = 00:00:04 . Memory (MB): peak = 987.453 ; gain = 16.734
Phase 5.5 Placer Reporting | Checksum: 16922d46c

Time (s): cpu = 00:00:07 ; elapsed = 00:00:04 . Memory (MB): peak = 987.453 ; gain = 16.734

Phase 5.6 Final Placement Cleanup
Phase 5.6 Final Placement Cleanup | Checksum: 192c3d519

Time (s): cpu = 00:00:07 ; elapsed = 00:00:04 . Memory (MB): peak = 987.453 ; gain = 16.734
Phase 5 Post Placement Optimization and Clean-Up | Checksum: 192c3d519

Time (s): cpu = 00:00:07 ; elapsed = 00:00:04 . Memory (MB): peak = 987.453 ; gain = 16.734
Ending Placer Task | Checksum: d9a3e394

Time (s): cpu = 00:00:07 ; elapsed = 00:00:04 . Memory (MB): peak = 987.453 ; gain = 16.734
INFO: [Common 17-83] Releasing license: Implementation
33 Infos, 0 Warnings, 0 Critical Warnings and 0 Errors encountered.
place_design completed successfully
place_design: Time (s): cpu = 00:00:08 ; elapsed = 00:00:05 . Memory (MB): peak = 987.453 ; gain = 16.734
Writing placer database...
Writing XDEF routing.
Writing XDEF routing logical nets.
Writing XDEF routing special nets.
Write XDEF Complete: Time (s): cpu = 00:00:01 ; elapsed = 00:00:00.300 . Memory (MB): peak = 987.453 ; gain = 0.000
report_io: Time (s): cpu = 00:00:00 ; elapsed = 00:00:00.065 . Memory (MB): peak = 987.453 ; gain = 0.000
report_utilization: Time (s): cpu = 00:00:00 ; elapsed = 00:00:00.090 . Memory (MB): peak = 987.453 ; gain = 0.000
report_control_sets: Time (s): cpu = 00:00:00 ; elapsed = 00:00:00.010 . Memory (MB): peak = 987.453 ; gain = 0.000
Command: route_design
Attempting to get a license for feature 'Implementation' and/or device 'xc7z020'
INFO: [Common 17-349] Got license for feature 'Implementation' and/or device 'xc7z020'
Running DRC as a precondition to command route_design
INFO: [DRC 23-27] Running DRC with 2 threads
INFO: [Vivado_Tcl 4-198] DRC finished with 0 Errors
INFO: [Vivado_Tcl 4-199] Please refer to the DRC report (report_drc) for more information.


Starting Routing Task
INFO: [Route 35-254] Multithreading enabled for route_design using a maximum of 2 CPUs

Phase 1 Build RT Design
Phase 1 Build RT Design | Checksum: cb4772ba

Time (s): cpu = 00:00:32 ; elapsed = 00:00:29 . Memory (MB): peak = 1091.055 ; gain = 103.602

Phase 2 Router Initialization

Phase 2.1 Create Timer
Phase 2.1 Create Timer | Checksum: cb4772ba

Time (s): cpu = 00:00:32 ; elapsed = 00:00:29 . Memory (MB): peak = 1092.941 ; gain = 105.488

Phase 2.2 Pre Route Cleanup
Phase 2.2 Pre Route Cleanup | Checksum: cb4772ba

Time (s): cpu = 00:00:32 ; elapsed = 00:00:29 . Memory (MB): peak = 1100.203 ; gain = 112.750
 Number of Nodes with overlaps = 0

Phase 2.3 Update Timing
Phase 2.3 Update Timing | Checksum: 1a351a59e

Time (s): cpu = 00:00:33 ; elapsed = 00:00:29 . Memory (MB): peak = 1125.805 ; gain = 138.352
INFO: [Route 35-57] Estimated Timing Summary | WNS=3.974  | TNS=0.000  | WHS=-0.148 | THS=-21.147|

Phase 2 Router Initialization | Checksum: 170553ec7

Time (s): cpu = 00:00:34 ; elapsed = 00:00:30 . Memory (MB): peak = 1125.805 ; gain = 138.352

Phase 3 Initial Routing
Phase 3 Initial Routing | Checksum: 1ccde907f

Time (s): cpu = 00:00:34 ; elapsed = 00:00:30 . Memory (MB): peak = 1125.805 ; gain = 138.352

Phase 4 Rip-up And Reroute

Phase 4.1 Global Iteration 0
 Number of Nodes with overlaps = 120
 Number of Nodes with overlaps = 1
 Number of Nodes with overlaps = 0

Phase 4.1.1 Update Timing
Phase 4.1.1 Update Timing | Checksum: 155ef3f17

Time (s): cpu = 00:00:35 ; elapsed = 00:00:30 . Memory (MB): peak = 1125.805 ; gain = 138.352
INFO: [Route 35-57] Estimated Timing Summary | WNS=3.596  | TNS=0.000  | WHS=N/A    | THS=N/A    |

Phase 4.1 Global Iteration 0 | Checksum: 21ddb9fb6

Time (s): cpu = 00:00:35 ; elapsed = 00:00:30 . Memory (MB): peak = 1125.805 ; gain = 138.352

Phase 4.2 Global Iteration 1
 Number of Nodes with overlaps = 0

Phase 4.2.1 Update Timing
Phase 4.2.1 Update Timing | Checksum: 20d8ea4d7

Time (s): cpu = 00:00:35 ; elapsed = 00:00:30 . Memory (MB): peak = 1125.805 ; gain = 138.352
INFO: [Route 35-57] Estimated Timing Summary | WNS=3.596  | TNS=0.000  | WHS=N/A    | THS=N/A    |

Phase 4.2 Global Iteration 1 | Checksum: 173b671b7

Time (s): cpu = 00:00:35 ; elapsed = 00:00:30 . Memory (MB): peak = 1125.805 ; gain = 138.352
Phase 4 Rip-up And Reroute | Checksum: 173b671b7

Time (s): cpu = 00:00:35 ; elapsed = 00:00:30 . Memory (MB): peak = 1125.805 ; gain = 138.352

Phase 5 Delay and Skew Optimization

Phase 5.1 Delay CleanUp

Phase 5.1.1 Update Timing
Phase 5.1.1 Update Timing | Checksum: 2505f3582

Time (s): cpu = 00:00:35 ; elapsed = 00:00:30 . Memory (MB): peak = 1125.805 ; gain = 138.352
INFO: [Route 35-57] Estimated Timing Summary | WNS=3.711  | TNS=0.000  | WHS=N/A    | THS=N/A    |

Phase 5.1 Delay CleanUp | Checksum: 2505f3582

Time (s): cpu = 00:00:35 ; elapsed = 00:00:30 . Memory (MB): peak = 1125.805 ; gain = 138.352

Phase 5.2 Clock Skew Optimization
Phase 5.2 Clock Skew Optimization | Checksum: 2505f3582

Time (s): cpu = 00:00:35 ; elapsed = 00:00:30 . Memory (MB): peak = 1125.805 ; gain = 138.352
Phase 5 Delay and Skew Optimization | Checksum: 2505f3582

Time (s): cpu = 00:00:35 ; elapsed = 00:00:30 . Memory (MB): peak = 1125.805 ; gain = 138.352

Phase 6 Post Hold Fix

Phase 6.1 Update Timing
Phase 6.1 Update Timing | Checksum: 24cce0655

Time (s): cpu = 00:00:35 ; elapsed = 00:00:30 . Memory (MB): peak = 1125.805 ; gain = 138.352
INFO: [Route 35-57] Estimated Timing Summary | WNS=3.711  | TNS=0.000  | WHS=0.032  | THS=0.000  |

Phase 6 Post Hold Fix | Checksum: 1d465bf5c

Time (s): cpu = 00:00:35 ; elapsed = 00:00:30 . Memory (MB): peak = 1125.805 ; gain = 138.352

Phase 7 Route finalize

Router Utilization Summary
  Global Vertical Routing Utilization    = 0.186807 %
  Global Horizontal Routing Utilization  = 0.249662 %
  Routable Net Status*
  *Does not include unroutable nets such as driverless and loadless.
  Run report_route_status for detailed report.
  Number of Failed Nets               = 0
  Number of Unrouted Nets             = 0
  Number of Partially Routed Nets     = 0
  Number of Node Overlaps             = 0

Phase 7 Route finalize | Checksum: 18a161617

Time (s): cpu = 00:00:35 ; elapsed = 00:00:30 . Memory (MB): peak = 1125.805 ; gain = 138.352

Phase 8 Verifying routed nets

 Verification completed successfully
Phase 8 Verifying routed nets | Checksum: 18a161617

Time (s): cpu = 00:00:35 ; elapsed = 00:00:30 . Memory (MB): peak = 1125.805 ; gain = 138.352

Phase 9 Depositing Routes
Phase 9 Depositing Routes | Checksum: 19257b330

Time (s): cpu = 00:00:35 ; elapsed = 00:00:31 . Memory (MB): peak = 1125.805 ; gain = 138.352

Phase 10 Post Router Timing
INFO: [Route 35-57] Estimated Timing Summary | WNS=3.711  | TNS=0.000  | WHS=0.032  | THS=0.000  |

INFO: [Route 35-327] The final timing numbers are based on the router estimated timing analysis. For a complete and accurate timing signoff, please run report_timing_summary.
Phase 10 Post Router Timing | Checksum: 19257b330

Time (s): cpu = 00:00:35 ; elapsed = 00:00:31 . Memory (MB): peak = 1125.805 ; gain = 138.352
INFO: [Route 35-16] Router Completed Successfully

Time (s): cpu = 00:00:35 ; elapsed = 00:00:31 . Memory (MB): peak = 1125.805 ; gain = 138.352

Routing Is Done.
INFO: [Common 17-83] Releasing license: Implementation
47 Infos, 0 Warnings, 0 Critical Warnings and 0 Errors encountered.
route_design completed successfully
route_design: Time (s): cpu = 00:00:36 ; elapsed = 00:00:31 . Memory (MB): peak = 1125.805 ; gain = 138.352
Writing placer database...
Writing XDEF routing.
Writing XDEF routing logical nets.
Writing XDEF routing special nets.
Write XDEF Complete: Time (s): cpu = 00:00:01 ; elapsed = 00:00:00.330 . Memory (MB): peak = 1125.805 ; gain = 0.000
INFO: [DRC 23-27] Running DRC with 2 threads
INFO: [Coretcl 2-168] The results of DRC are in file C:/xup/embedded/2015_2_zynq_labs/lab2/lab2.runs/impl_1/system_wrapper_drc_routed.rpt.
INFO: [Timing 38-91] UpdateTimingParams: Speed grade: -1, Delay Type: min_max.
INFO: [Timing 38-191] Multithreading enabled for timing update using a maximum of 2 CPUs
Running Vector-less Activity Propagation...

Finished Running Vector-less Activity Propagation
Attempting to get a license for feature 'Implementation' and/or device 'xc7z020'
INFO: [Common 17-349] Got license for feature 'Implementation' and/or device 'xc7z020'
Running DRC as a precondition to command write_bitstream
INFO: [DRC 23-27] Running DRC with 2 threads
INFO: [Vivado 12-3199] DRC finished with 0 Errors
INFO: [Vivado 12-3200] Please refer to the DRC report (report_drc) for more information.
Loading data files...
Loading site data...
Loading route data...
Processing options...
Creating bitmap...
Creating bitstream...
Writing bitstream ./system_wrapper.bit...
INFO: [Vivado 12-1842] Bitgen Completed Successfully.
INFO: [Project 1-118] WebTalk data collection is enabled (User setting is ON. Install Setting is ON.).
INFO: [Common 17-83] Releasing license: Implementation
write_bitstream: Time (s): cpu = 00:00:29 ; elapsed = 00:00:29 . Memory (MB): peak = 1449.000 ; gain = 323.195
INFO: [Common 17-206] Exiting Vivado at Thu Jul 30 09:21:33 2015...
