#-----------------------------------------------------------
# Vivado v2018.1 (64-bit)
# SW Build 2188600 on Wed Apr  4 18:40:38 MDT 2018
# IP Build 2185939 on Wed Apr  4 20:55:05 MDT 2018
# Start of session at: Mon Jul  2 09:24:16 2018
# Process ID: 6520
# Current directory: C:/Users/eashanw/Desktop/XIlinx-Workshops/Embedded Systems/labsolutions/embedded/2018_2_pynq_labsolution/lab_4
# Command line: vivado.exe -gui_launcher_event rodinguilauncherevent6828 C:\Users\eashanw\Desktop\XIlinx-Workshops\Embedded Systems\labsolutions\embedded\2018_2_pynq_labsolution\lab_4\lab_4.xpr
# Log file: C:/Users/eashanw/Desktop/XIlinx-Workshops/Embedded Systems/labsolutions/embedded/2018_2_pynq_labsolution/lab_4/vivado.log
# Journal file: C:/Users/eashanw/Desktop/XIlinx-Workshops/Embedded Systems/labsolutions/embedded/2018_2_pynq_labsolution/lab_4\vivado.jou
#-----------------------------------------------------------
start_gui
open_project {C:/Users/eashanw/Desktop/XIlinx-Workshops/Embedded Systems/labsolutions/embedded/2018_2_pynq_labsolution/lab_4/lab_4.xpr}
INFO: [ProjectBase 1-489] The host OS only allows 260 characters in a normal path. The project is stored in a path with more than 80 characters. If you experience issues with IP, Block Designs, or files not being found, please consider moving the project to a location with a shorter path. Alternately consider using the OS subst command to map part of the path to a drive letter.
Current project path is 'C:/Users/eashanw/Desktop/XIlinx-Workshops/Embedded Systems/labsolutions/embedded/2018_2_pynq_labsolution/lab_4'
INFO: [Project 1-313] Project file moved from 'C:/xup/embedded/2018_1_zynq_labs/lab_4' since last save.
Scanning sources...
Finished scanning sources
INFO: [IP_Flow 19-234] Refreshing IP repositories
INFO: [IP_Flow 19-1700] Loaded user IP repository 'c:/Users/eashanw/Desktop/XIlinx-Workshops/Embedded Systems/labsolutions/embedded/2018_2_pynq_labsolution/led_ip'.
INFO: [IP_Flow 19-2313] Loaded Vivado IP repository 'C:/Xilinx/Vivado/2018.1/data/ip'.
open_project: Time (s): cpu = 00:02:06 ; elapsed = 00:01:53 . Memory (MB): peak = 929.148 ; gain = 204.371
update_compile_order -fileset sources_1
exit
INFO: [Common 17-206] Exiting Vivado at Mon Jul  2 09:32:33 2018...
