#-----------------------------------------------------------
# Webtalk v2018.1 (64-bit)
# SW Build 2188600 on Wed Apr  4 18:40:38 MDT 2018
# 
# Start of session at: Thu Jun 28 11:54:59 2018
# Process ID: 9692
# Current directory: C:/xup/embedded/2018_1_zynq_labs/lab_2/lab_2.sdk/webtalk
# Command line: wbtcv.exe -mode batch -source sdk_webtalk.tcl
# Log file: C:/xup/embedded/2018_1_zynq_labs/lab_2/lab_2.sdk/webtalk/webtalk.log
# Journal file: C:/xup/embedded/2018_1_zynq_labs/lab_2/lab_2.sdk/webtalk\webtalk.jou
#-----------------------------------------------------------
source sdk_webtalk.tcl
# webtalk_init -webtalk_dir C:\\xup\\embedded\\2018_1_zynq_labs\\lab_2\\lab_2.sdk\\webtalk
# webtalk_register_client -client project
# webtalk_add_data -client project -key date_generated -value "2018-06-28 11:54:57" -context "software_version_and_target_device"
# webtalk_add_data -client project -key product_version -value "SDK v2018.1" -context "software_version_and_target_device"
# webtalk_add_data -client project -key build_version -value "2018.1" -context "software_version_and_target_device"
# webtalk_add_data -client project -key os_platform -value "amd64" -context "software_version_and_target_device"
# webtalk_add_data -client project -key registration_id -value "210762629_1777492728_210670454_722" -context "software_version_and_target_device"
# webtalk_add_data -client project -key tool_flow -value "SDK" -context "software_version_and_target_device"
# webtalk_add_data -client project -key beta -value "false" -context "software_version_and_target_device"
# webtalk_add_data -client project -key route_design -value "NA" -context "software_version_and_target_device"
# webtalk_add_data -client project -key target_family -value "NA" -context "software_version_and_target_device"
# webtalk_add_data -client project -key target_device -value "NA" -context "software_version_and_target_device"
# webtalk_add_data -client project -key target_package -value "NA" -context "software_version_and_target_device"
# webtalk_add_data -client project -key target_speed -value "NA" -context "software_version_and_target_device"
# webtalk_add_data -client project -key random_id -value "bbrsk93j7efhrer21lltaefk24" -context "software_version_and_target_device"
# webtalk_add_data -client project -key project_id -value "2018.1_25" -context "software_version_and_target_device"
# webtalk_add_data -client project -key project_iteration -value "25" -context "software_version_and_target_device"
# webtalk_add_data -client project -key os_name -value "Microsoft Windows 8 or later , 64-bit" -context "user_environment"
# webtalk_add_data -client project -key os_release -value "major release  (build 9200)" -context "user_environment"
# webtalk_add_data -client project -key cpu_name -value "Intel(R) Core(TM) i7-3740QM CPU @ 2.70GHz" -context "user_environment"
# webtalk_add_data -client project -key cpu_speed -value "2691 MHz" -context "user_environment"
# webtalk_add_data -client project -key total_processors -value "1" -context "user_environment"
# webtalk_add_data -client project -key system_ram -value "17.115 GB" -context "user_environment"
# webtalk_register_client -client sdk
# webtalk_add_data -client sdk -key uid -value "1530183237792" -context "sdk\\\\hardware/1530183237792"
# webtalk_add_data -client sdk -key isZynq -value "true" -context "sdk\\\\hardware/1530183237792"
# webtalk_add_data -client sdk -key isZynqMP -value "false" -context "sdk\\\\hardware/1530183237792"
# webtalk_add_data -client sdk -key Processors -value "2" -context "sdk\\\\hardware/1530183237792"
# webtalk_add_data -client sdk -key VivadoVersion -value "2018.1" -context "sdk\\\\hardware/1530183237792"
# webtalk_add_data -client sdk -key Arch -value "zynq" -context "sdk\\\\hardware/1530183237792"
# webtalk_add_data -client sdk -key Device -value "7z020" -context "sdk\\\\hardware/1530183237792"
# webtalk_add_data -client sdk -key IsHandoff -value "true" -context "sdk\\\\hardware/1530183237792"
# webtalk_add_data -client sdk -key os -value "NA" -context "sdk\\\\hardware/1530183237792"
# webtalk_add_data -client sdk -key apptemplate -value "NA" -context "sdk\\\\hardware/1530183237792"
# webtalk_add_data -client sdk -key RecordType -value "HWCreation" -context "sdk\\\\hardware/1530183237792"
# webtalk_add_data -client sdk -key uid -value "NA" -context "sdk\\\\bsp/1530183297372"
# webtalk_add_data -client sdk -key RecordType -value "ToolUsage" -context "sdk\\\\bsp/1530183297372"
# webtalk_add_data -client sdk -key BootgenCount -value "0" -context "sdk\\\\bsp/1530183297372"
# webtalk_add_data -client sdk -key DebugCount -value "0" -context "sdk\\\\bsp/1530183297372"
# webtalk_add_data -client sdk -key PerfCount -value "0" -context "sdk\\\\bsp/1530183297372"
# webtalk_add_data -client sdk -key FlashCount -value "0" -context "sdk\\\\bsp/1530183297372"
# webtalk_add_data -client sdk -key CrossTriggCount -value "0" -context "sdk\\\\bsp/1530183297372"
# webtalk_add_data -client sdk -key QemuDebugCount -value "0" -context "sdk\\\\bsp/1530183297372"
# webtalk_transmit -clientid 78720946 -regid "210762629_1777492728_210670454_722" -xml C:\\xup\\embedded\\2018_1_zynq_labs\\lab_2\\lab_2.sdk\\webtalk\\usage_statistics_ext_sdk.xml -html C:\\xup\\embedded\\2018_1_zynq_labs\\lab_2\\lab_2.sdk\\webtalk\\usage_statistics_ext_sdk.html -wdm C:\\xup\\embedded\\2018_1_zynq_labs\\lab_2\\lab_2.sdk\\webtalk\\sdk_webtalk.wdm -intro "<H3>SDK Usage Report</H3><BR>"
# webtalk_terminate
INFO: [Common 17-206] Exiting Webtalk at Thu Jun 28 11:55:00 2018...
