15:10:38 INFO  : Launching XSDB server: xsdb.bat -s C:/Xilinx/SDK/2015.2/scripts/xsdb/xsdb/xsdb-server.tcl
15:10:39 INFO  : XSDB server has started successfully.
15:10:39 INFO  : Processing command line option -hwspec C:/xup/embedded/2015_2_zynq_labs/lab1/lab1.sdk/system_wrapper.hdf.
15:13:32 INFO  : ps7_init is completed.
15:13:32 INFO  : Processor reset is completed for ps7_cortexa9_0
15:13:44 ERROR : Unexpected error while parsing XMD response ?: com.google.gson.JsonSyntaxException: com.google.gson.stream.MalformedJsonException: invalid number or unquoted string near 
15:33:07 INFO  : Launching XSDB server: xsdb.bat -s C:/Xilinx/SDK/2015.2/scripts/xsdb/xsdb/xsdb-server.tcl
15:33:08 INFO  : XSDB server has started successfully.
15:33:13 INFO  : Processing command line option -hwspec C:/xup/embedded/2015_2_zynq_labs/lab2/lab2.sdk/system_wrapper.hdf.
15:33:55 INFO  : BSP Project P/standalone_bsp_0 has been successfully migrated.
15:35:57 INFO  : Connected to target on host '127.0.0.1' and port '3121'.
15:35:57 INFO  : 'targets -set -filter {jtag_cable_name =~ "Digilent Zybo 210279573689A" && level==0} -index 1' command is executed.
15:35:58 INFO  : FPGA configured successfully with bitstream "C:/xup/embedded/2015_2_zynq_labs/lab2/lab2.sdk/system_wrapper_hw_platform_1/system_wrapper.bit"
15:36:10 INFO  : ps7_init is completed.
15:36:10 INFO  : ps7_post_config is completed.
15:36:10 INFO  : Processor reset is completed for ps7_cortexa9_0
15:36:35 ERROR : Unexpected error while parsing XMD response ?: com.google.gson.JsonSyntaxException: com.google.gson.stream.MalformedJsonException: invalid number or unquoted string near 
16:02:30 INFO  : Launching XSDB server: xsdb.bat -s C:/Xilinx/SDK/2015.2/scripts/xsdb/xsdb/xsdb-server.tcl
16:02:31 INFO  : XSDB server has started successfully.
16:02:36 INFO  : Processing command line option -hwspec C:/xup/embedded/2015_2_zynq_labs/lab4/lab4.sdk/system_wrapper.hdf.
16:07:23 INFO  : Connected to target on host '127.0.0.1' and port '3121'.
16:07:24 INFO  : 'targets -set -filter {jtag_cable_name =~ "Digilent Zybo 210279573689A" && level==0} -index 1' command is executed.
16:07:25 INFO  : FPGA configured successfully with bitstream "C:/xup/embedded/2015_2_zynq_labs/lab4/lab4.sdk/system_wrapper_hw_platform_2/system_wrapper.bit"
16:07:49 INFO  : ps7_init is completed.
16:07:49 INFO  : ps7_post_config is completed.
16:07:49 INFO  : Processor reset is completed for ps7_cortexa9_0
16:08:20 INFO  : Inferring section assignments and sizes from elf file: C:\xup\embedded\2015_2_zynq_labs\lab4\lab4.sdk\lab4\Debug\lab4.elf
16:08:28 INFO  : Successfully generated C:\xup\embedded\2015_2_zynq_labs\lab4\lab4.sdk\lab4\src\lscript.ld.
16:08:28 INFO  : Applying linker script to all configurations of project lab4.
16:08:28 INFO  : Setting rebuild state to true for all configurations of project lab4.
16:08:36 INFO  : ps7_cortexa9_0 Processor is in use. Please stop existing Run or Debug sessions before launching.
16:08:38 INFO  : Processor reset is completed for ps7_cortexa9_0
16:09:41 ERROR : Unexpected error while parsing XMD response ?: com.google.gson.JsonSyntaxException: com.google.gson.stream.MalformedJsonException: invalid number or unquoted string near 
16:12:33 INFO  : Launching XSDB server: xsdb.bat -s C:/Xilinx/SDK/2015.2/scripts/xsdb/xsdb/xsdb-server.tcl
16:12:34 INFO  : XSDB server has started successfully.
16:12:35 INFO  : Processing command line option -hwspec C:/xup/embedded/2015_2_zynq_labs/lab5/lab5.sdk/system_wrapper.hdf.
16:15:26 INFO  : Connected to target on host '127.0.0.1' and port '3121'.
16:15:27 INFO  : 'targets -set -filter {jtag_cable_name =~ "Digilent Zybo 210279573689A" && level==0} -index 1' command is executed.
16:15:28 INFO  : FPGA configured successfully with bitstream "C:/xup/embedded/2015_2_zynq_labs/lab5/lab5.sdk/system_wrapper_hw_platform_3/system_wrapper.bit"
16:15:39 INFO  : ps7_init is completed.
16:15:39 INFO  : ps7_post_config is completed.
16:15:39 INFO  : Processor reset is completed for ps7_cortexa9_0
16:16:29 INFO  : Processor reset is completed for ps7_cortexa9_0
16:16:39 ERROR : Unexpected error while parsing XMD response ?: com.google.gson.JsonSyntaxException: com.google.gson.stream.MalformedJsonException: invalid number or unquoted string near 
